nohup: ignoring input
Converting Phrase Table from pt_en/unfiltered_phrasetable.txt
Storing Database in data/phrases.db
Processed 10000 lines from pt_en/unfiltered_phrasetable.txt
Processed 20000 lines from pt_en/unfiltered_phrasetable.txt
Processed 30000 lines from pt_en/unfiltered_phrasetable.txt
Processed 40000 lines from pt_en/unfiltered_phrasetable.txt
Processed 50000 lines from pt_en/unfiltered_phrasetable.txt
Processed 60000 lines from pt_en/unfiltered_phrasetable.txt
Processed 70000 lines from pt_en/unfiltered_phrasetable.txt
Processed 80000 lines from pt_en/unfiltered_phrasetable.txt
Processed 90000 lines from pt_en/unfiltered_phrasetable.txt
Processed 100000 lines from pt_en/unfiltered_phrasetable.txt
Processed 110000 lines from pt_en/unfiltered_phrasetable.txt
Processed 120000 lines from pt_en/unfiltered_phrasetable.txt
Processed 130000 lines from pt_en/unfiltered_phrasetable.txt
Processed 140000 lines from pt_en/unfiltered_phrasetable.txt
Processed 150000 lines from pt_en/unfiltered_phrasetable.txt
Processed 160000 lines from pt_en/unfiltered_phrasetable.txt
Processed 170000 lines from pt_en/unfiltered_phrasetable.txt
Processed 180000 lines from pt_en/unfiltered_phrasetable.txt
Processed 190000 lines from pt_en/unfiltered_phrasetable.txt
Processed 200000 lines from pt_en/unfiltered_phrasetable.txt
Processed 210000 lines from pt_en/unfiltered_phrasetable.txt
Processed 220000 lines from pt_en/unfiltered_phrasetable.txt
Processed 230000 lines from pt_en/unfiltered_phrasetable.txt
Processed 240000 lines from pt_en/unfiltered_phrasetable.txt
Processed 250000 lines from pt_en/unfiltered_phrasetable.txt
Processed 260000 lines from pt_en/unfiltered_phrasetable.txt
Processed 270000 lines from pt_en/unfiltered_phrasetable.txt
Processed 280000 lines from pt_en/unfiltered_phrasetable.txt
Processed 290000 lines from pt_en/unfiltered_phrasetable.txt
Processed 300000 lines from pt_en/unfiltered_phrasetable.txt
Processed 310000 lines from pt_en/unfiltered_phrasetable.txt
Processed 320000 lines from pt_en/unfiltered_phrasetable.txt
Processed 330000 lines from pt_en/unfiltered_phrasetable.txt
Processed 340000 lines from pt_en/unfiltered_phrasetable.txt
Processed 350000 lines from pt_en/unfiltered_phrasetable.txt
Processed 360000 lines from pt_en/unfiltered_phrasetable.txt
Processed 370000 lines from pt_en/unfiltered_phrasetable.txt
Processed 380000 lines from pt_en/unfiltered_phrasetable.txt
Processed 390000 lines from pt_en/unfiltered_phrasetable.txt
Processed 400000 lines from pt_en/unfiltered_phrasetable.txt
Processed 410000 lines from pt_en/unfiltered_phrasetable.txt
Processed 420000 lines from pt_en/unfiltered_phrasetable.txt
Processed 430000 lines from pt_en/unfiltered_phrasetable.txt
Processed 440000 lines from pt_en/unfiltered_phrasetable.txt
Processed 450000 lines from pt_en/unfiltered_phrasetable.txt
Processed 460000 lines from pt_en/unfiltered_phrasetable.txt
Processed 470000 lines from pt_en/unfiltered_phrasetable.txt
Processed 480000 lines from pt_en/unfiltered_phrasetable.txt
Processed 490000 lines from pt_en/unfiltered_phrasetable.txt
Processed 500000 lines from pt_en/unfiltered_phrasetable.txt
Processed 510000 lines from pt_en/unfiltered_phrasetable.txt
Processed 520000 lines from pt_en/unfiltered_phrasetable.txt
Processed 530000 lines from pt_en/unfiltered_phrasetable.txt
Processed 540000 lines from pt_en/unfiltered_phrasetable.txt
Processed 550000 lines from pt_en/unfiltered_phrasetable.txt
Processed 560000 lines from pt_en/unfiltered_phrasetable.txt
Processed 570000 lines from pt_en/unfiltered_phrasetable.txt
Processed 580000 lines from pt_en/unfiltered_phrasetable.txt
Processed 590000 lines from pt_en/unfiltered_phrasetable.txt
Processed 600000 lines from pt_en/unfiltered_phrasetable.txt
Processed 610000 lines from pt_en/unfiltered_phrasetable.txt
Processed 620000 lines from pt_en/unfiltered_phrasetable.txt
Processed 630000 lines from pt_en/unfiltered_phrasetable.txt
Processed 640000 lines from pt_en/unfiltered_phrasetable.txt
Processed 650000 lines from pt_en/unfiltered_phrasetable.txt
Processed 660000 lines from pt_en/unfiltered_phrasetable.txt
Processed 670000 lines from pt_en/unfiltered_phrasetable.txt
Processed 680000 lines from pt_en/unfiltered_phrasetable.txt
Processed 690000 lines from pt_en/unfiltered_phrasetable.txt
Processed 700000 lines from pt_en/unfiltered_phrasetable.txt
Processed 710000 lines from pt_en/unfiltered_phrasetable.txt
Processed 720000 lines from pt_en/unfiltered_phrasetable.txt
Processed 730000 lines from pt_en/unfiltered_phrasetable.txt
Processed 740000 lines from pt_en/unfiltered_phrasetable.txt
Processed 750000 lines from pt_en/unfiltered_phrasetable.txt
Processed 760000 lines from pt_en/unfiltered_phrasetable.txt
Processed 770000 lines from pt_en/unfiltered_phrasetable.txt
Processed 780000 lines from pt_en/unfiltered_phrasetable.txt
Processed 790000 lines from pt_en/unfiltered_phrasetable.txt
Processed 800000 lines from pt_en/unfiltered_phrasetable.txt
Processed 810000 lines from pt_en/unfiltered_phrasetable.txt
Processed 820000 lines from pt_en/unfiltered_phrasetable.txt
Processed 830000 lines from pt_en/unfiltered_phrasetable.txt
Processed 840000 lines from pt_en/unfiltered_phrasetable.txt
Processed 850000 lines from pt_en/unfiltered_phrasetable.txt
Processed 860000 lines from pt_en/unfiltered_phrasetable.txt
Processed 870000 lines from pt_en/unfiltered_phrasetable.txt
Processed 880000 lines from pt_en/unfiltered_phrasetable.txt
Processed 890000 lines from pt_en/unfiltered_phrasetable.txt
Processed 900000 lines from pt_en/unfiltered_phrasetable.txt
Processed 910000 lines from pt_en/unfiltered_phrasetable.txt
Processed 920000 lines from pt_en/unfiltered_phrasetable.txt
Processed 930000 lines from pt_en/unfiltered_phrasetable.txt
Processed 940000 lines from pt_en/unfiltered_phrasetable.txt
Processed 950000 lines from pt_en/unfiltered_phrasetable.txt
Processed 960000 lines from pt_en/unfiltered_phrasetable.txt
Processed 970000 lines from pt_en/unfiltered_phrasetable.txt
Processed 980000 lines from pt_en/unfiltered_phrasetable.txt
Processed 990000 lines from pt_en/unfiltered_phrasetable.txt
Processed 1000000 lines from pt_en/unfiltered_phrasetable.txt
Processed 1010000 lines from pt_en/unfiltered_phrasetable.txt
Processed 1020000 lines from pt_en/unfiltered_phrasetable.txt
Processed 1030000 lines from pt_en/unfiltered_phrasetable.txt
Processed 1040000 lines from pt_en/unfiltered_phrasetable.txt
Processed 1050000 lines from pt_en/unfiltered_phrasetable.txt
Processed 1060000 lines from pt_en/unfiltered_phrasetable.txt
Processed 1070000 lines from pt_en/unfiltered_phrasetable.txt
Processed 1080000 lines from pt_en/unfiltered_phrasetable.txt
Processed 1090000 lines from pt_en/unfiltered_phrasetable.txt
Processed 1100000 lines from pt_en/unfiltered_phrasetable.txt
Processed 1110000 lines from pt_en/unfiltered_phrasetable.txt
Processed 1120000 lines from pt_en/unfiltered_phrasetable.txt
Processed 1130000 lines from pt_en/unfiltered_phrasetable.txt
Processed 1140000 lines from pt_en/unfiltered_phrasetable.txt
Processed 1150000 lines from pt_en/unfiltered_phrasetable.txt
Processed 1160000 lines from pt_en/unfiltered_phrasetable.txt
Processed 1170000 lines from pt_en/unfiltered_phrasetable.txt
Processed 1180000 lines from pt_en/unfiltered_phrasetable.txt
Processed 1190000 lines from pt_en/unfiltered_phrasetable.txt
Processed 1200000 lines from pt_en/unfiltered_phrasetable.txt
Processed 1210000 lines from pt_en/unfiltered_phrasetable.txt
Processed 1220000 lines from pt_en/unfiltered_phrasetable.txt
Processed 1230000 lines from pt_en/unfiltered_phrasetable.txt
Processed 1240000 lines from pt_en/unfiltered_phrasetable.txt
Processed 1250000 lines from pt_en/unfiltered_phrasetable.txt
Processed 1260000 lines from pt_en/unfiltered_phrasetable.txt
Processed 1270000 lines from pt_en/unfiltered_phrasetable.txt
Processed 1280000 lines from pt_en/unfiltered_phrasetable.txt
Processed 1290000 lines from pt_en/unfiltered_phrasetable.txt
Processed 1300000 lines from pt_en/unfiltered_phrasetable.txt
Processed 1310000 lines from pt_en/unfiltered_phrasetable.txt
Processed 1320000 lines from pt_en/unfiltered_phrasetable.txt
Processed 1330000 lines from pt_en/unfiltered_phrasetable.txt
Processed 1340000 lines from pt_en/unfiltered_phrasetable.txt
Processed 1350000 lines from pt_en/unfiltered_phrasetable.txt
Processed 1360000 lines from pt_en/unfiltered_phrasetable.txt
Processed 1370000 lines from pt_en/unfiltered_phrasetable.txt
Processed 1380000 lines from pt_en/unfiltered_phrasetable.txt
Processed 1390000 lines from pt_en/unfiltered_phrasetable.txt
Processed 1400000 lines from pt_en/unfiltered_phrasetable.txt
Processed 1410000 lines from pt_en/unfiltered_phrasetable.txt
Processed 1420000 lines from pt_en/unfiltered_phrasetable.txt
Processed 1430000 lines from pt_en/unfiltered_phrasetable.txt
Processed 1440000 lines from pt_en/unfiltered_phrasetable.txt
Processed 1450000 lines from pt_en/unfiltered_phrasetable.txt
Processed 1460000 lines from pt_en/unfiltered_phrasetable.txt
Processed 1470000 lines from pt_en/unfiltered_phrasetable.txt
Processed 1480000 lines from pt_en/unfiltered_phrasetable.txt
Processed 1490000 lines from pt_en/unfiltered_phrasetable.txt
Processed 1500000 lines from pt_en/unfiltered_phrasetable.txt
Processed 1510000 lines from pt_en/unfiltered_phrasetable.txt
Processed 1520000 lines from pt_en/unfiltered_phrasetable.txt
Processed 1530000 lines from pt_en/unfiltered_phrasetable.txt
Processed 1540000 lines from pt_en/unfiltered_phrasetable.txt
Processed 1550000 lines from pt_en/unfiltered_phrasetable.txt
Processed 1560000 lines from pt_en/unfiltered_phrasetable.txt
Processed 1570000 lines from pt_en/unfiltered_phrasetable.txt
Processed 1580000 lines from pt_en/unfiltered_phrasetable.txt
Processed 1590000 lines from pt_en/unfiltered_phrasetable.txt
Processed 1600000 lines from pt_en/unfiltered_phrasetable.txt
Processed 1610000 lines from pt_en/unfiltered_phrasetable.txt
Processed 1620000 lines from pt_en/unfiltered_phrasetable.txt
Processed 1630000 lines from pt_en/unfiltered_phrasetable.txt
Processed 1640000 lines from pt_en/unfiltered_phrasetable.txt
Processed 1650000 lines from pt_en/unfiltered_phrasetable.txt
Processed 1660000 lines from pt_en/unfiltered_phrasetable.txt
Processed 1670000 lines from pt_en/unfiltered_phrasetable.txt
Processed 1680000 lines from pt_en/unfiltered_phrasetable.txt
Processed 1690000 lines from pt_en/unfiltered_phrasetable.txt
Processed 1700000 lines from pt_en/unfiltered_phrasetable.txt
Processed 1710000 lines from pt_en/unfiltered_phrasetable.txt
Processed 1720000 lines from pt_en/unfiltered_phrasetable.txt
Processed 1730000 lines from pt_en/unfiltered_phrasetable.txt
Processed 1740000 lines from pt_en/unfiltered_phrasetable.txt
Processed 1750000 lines from pt_en/unfiltered_phrasetable.txt
Processed 1760000 lines from pt_en/unfiltered_phrasetable.txt
Processed 1770000 lines from pt_en/unfiltered_phrasetable.txt
Processed 1780000 lines from pt_en/unfiltered_phrasetable.txt
Processed 1790000 lines from pt_en/unfiltered_phrasetable.txt
Processed 1800000 lines from pt_en/unfiltered_phrasetable.txt
Processed 1810000 lines from pt_en/unfiltered_phrasetable.txt
Processed 1820000 lines from pt_en/unfiltered_phrasetable.txt
Processed 1830000 lines from pt_en/unfiltered_phrasetable.txt
Processed 1840000 lines from pt_en/unfiltered_phrasetable.txt
Processed 1850000 lines from pt_en/unfiltered_phrasetable.txt
Processed 1860000 lines from pt_en/unfiltered_phrasetable.txt
Processed 1870000 lines from pt_en/unfiltered_phrasetable.txt
Processed 1880000 lines from pt_en/unfiltered_phrasetable.txt
Processed 1890000 lines from pt_en/unfiltered_phrasetable.txt
Processed 1900000 lines from pt_en/unfiltered_phrasetable.txt
Processed 1910000 lines from pt_en/unfiltered_phrasetable.txt
Processed 1920000 lines from pt_en/unfiltered_phrasetable.txt
Processed 1930000 lines from pt_en/unfiltered_phrasetable.txt
Processed 1940000 lines from pt_en/unfiltered_phrasetable.txt
Processed 1950000 lines from pt_en/unfiltered_phrasetable.txt
Processed 1960000 lines from pt_en/unfiltered_phrasetable.txt
Processed 1970000 lines from pt_en/unfiltered_phrasetable.txt
Processed 1980000 lines from pt_en/unfiltered_phrasetable.txt
Processed 1990000 lines from pt_en/unfiltered_phrasetable.txt
Processed 2000000 lines from pt_en/unfiltered_phrasetable.txt
Processed 2010000 lines from pt_en/unfiltered_phrasetable.txt
Processed 2020000 lines from pt_en/unfiltered_phrasetable.txt
Processed 2030000 lines from pt_en/unfiltered_phrasetable.txt
Processed 2040000 lines from pt_en/unfiltered_phrasetable.txt
Processed 2050000 lines from pt_en/unfiltered_phrasetable.txt
Processed 2060000 lines from pt_en/unfiltered_phrasetable.txt
Processed 2070000 lines from pt_en/unfiltered_phrasetable.txt
Processed 2080000 lines from pt_en/unfiltered_phrasetable.txt
Processed 2090000 lines from pt_en/unfiltered_phrasetable.txt
Processed 2100000 lines from pt_en/unfiltered_phrasetable.txt
Processed 2110000 lines from pt_en/unfiltered_phrasetable.txt
Processed 2120000 lines from pt_en/unfiltered_phrasetable.txt
Processed 2130000 lines from pt_en/unfiltered_phrasetable.txt
Processed 2140000 lines from pt_en/unfiltered_phrasetable.txt
Processed 2150000 lines from pt_en/unfiltered_phrasetable.txt
Processed 2160000 lines from pt_en/unfiltered_phrasetable.txt
Processed 2170000 lines from pt_en/unfiltered_phrasetable.txt
Processed 2180000 lines from pt_en/unfiltered_phrasetable.txt
Processed 2190000 lines from pt_en/unfiltered_phrasetable.txt
Processed 2200000 lines from pt_en/unfiltered_phrasetable.txt
Processed 2210000 lines from pt_en/unfiltered_phrasetable.txt
Processed 2220000 lines from pt_en/unfiltered_phrasetable.txt
Processed 2230000 lines from pt_en/unfiltered_phrasetable.txt
Processed 2240000 lines from pt_en/unfiltered_phrasetable.txt
Processed 2250000 lines from pt_en/unfiltered_phrasetable.txt
Processed 2260000 lines from pt_en/unfiltered_phrasetable.txt
Processed 2270000 lines from pt_en/unfiltered_phrasetable.txt
Processed 2280000 lines from pt_en/unfiltered_phrasetable.txt
Processed 2290000 lines from pt_en/unfiltered_phrasetable.txt
Processed 2300000 lines from pt_en/unfiltered_phrasetable.txt
Processed 2310000 lines from pt_en/unfiltered_phrasetable.txt
Processed 2320000 lines from pt_en/unfiltered_phrasetable.txt
Processed 2330000 lines from pt_en/unfiltered_phrasetable.txt
Processed 2340000 lines from pt_en/unfiltered_phrasetable.txt
Processed 2350000 lines from pt_en/unfiltered_phrasetable.txt
Processed 2360000 lines from pt_en/unfiltered_phrasetable.txt
Processed 2370000 lines from pt_en/unfiltered_phrasetable.txt
Processed 2380000 lines from pt_en/unfiltered_phrasetable.txt
Processed 2390000 lines from pt_en/unfiltered_phrasetable.txt
Processed 2400000 lines from pt_en/unfiltered_phrasetable.txt
Processed 2410000 lines from pt_en/unfiltered_phrasetable.txt
Processed 2420000 lines from pt_en/unfiltered_phrasetable.txt
Processed 2430000 lines from pt_en/unfiltered_phrasetable.txt
Processed 2440000 lines from pt_en/unfiltered_phrasetable.txt
Processed 2450000 lines from pt_en/unfiltered_phrasetable.txt
Processed 2460000 lines from pt_en/unfiltered_phrasetable.txt
Processed 2470000 lines from pt_en/unfiltered_phrasetable.txt
Processed 2480000 lines from pt_en/unfiltered_phrasetable.txt
Processed 2490000 lines from pt_en/unfiltered_phrasetable.txt
Processed 2500000 lines from pt_en/unfiltered_phrasetable.txt
Processed 2510000 lines from pt_en/unfiltered_phrasetable.txt
Processed 2520000 lines from pt_en/unfiltered_phrasetable.txt
Processed 2530000 lines from pt_en/unfiltered_phrasetable.txt
Processed 2540000 lines from pt_en/unfiltered_phrasetable.txt
Processed 2550000 lines from pt_en/unfiltered_phrasetable.txt
Processed 2560000 lines from pt_en/unfiltered_phrasetable.txt
Processed 2570000 lines from pt_en/unfiltered_phrasetable.txt
Processed 2580000 lines from pt_en/unfiltered_phrasetable.txt
Processed 2590000 lines from pt_en/unfiltered_phrasetable.txt
Processed 2600000 lines from pt_en/unfiltered_phrasetable.txt
Processed 2610000 lines from pt_en/unfiltered_phrasetable.txt
Processed 2620000 lines from pt_en/unfiltered_phrasetable.txt
Processed 2630000 lines from pt_en/unfiltered_phrasetable.txt
Processed 2640000 lines from pt_en/unfiltered_phrasetable.txt
Processed 2650000 lines from pt_en/unfiltered_phrasetable.txt
Processed 2660000 lines from pt_en/unfiltered_phrasetable.txt
Processed 2670000 lines from pt_en/unfiltered_phrasetable.txt
Processed 2680000 lines from pt_en/unfiltered_phrasetable.txt
Processed 2690000 lines from pt_en/unfiltered_phrasetable.txt
Processed 2700000 lines from pt_en/unfiltered_phrasetable.txt
Processed 2710000 lines from pt_en/unfiltered_phrasetable.txt
Processed 2720000 lines from pt_en/unfiltered_phrasetable.txt
Processed 2730000 lines from pt_en/unfiltered_phrasetable.txt
Processed 2740000 lines from pt_en/unfiltered_phrasetable.txt
Processed 2750000 lines from pt_en/unfiltered_phrasetable.txt
Processed 2760000 lines from pt_en/unfiltered_phrasetable.txt
Processed 2770000 lines from pt_en/unfiltered_phrasetable.txt
Processed 2780000 lines from pt_en/unfiltered_phrasetable.txt
Processed 2790000 lines from pt_en/unfiltered_phrasetable.txt
Processed 2800000 lines from pt_en/unfiltered_phrasetable.txt
Processed 2810000 lines from pt_en/unfiltered_phrasetable.txt
Processed 2820000 lines from pt_en/unfiltered_phrasetable.txt
Processed 2830000 lines from pt_en/unfiltered_phrasetable.txt
Processed 2840000 lines from pt_en/unfiltered_phrasetable.txt
Processed 2850000 lines from pt_en/unfiltered_phrasetable.txt
Processed 2860000 lines from pt_en/unfiltered_phrasetable.txt
Processed 2870000 lines from pt_en/unfiltered_phrasetable.txt
Processed 2880000 lines from pt_en/unfiltered_phrasetable.txt
Processed 2890000 lines from pt_en/unfiltered_phrasetable.txt
Processed 2900000 lines from pt_en/unfiltered_phrasetable.txt
Processed 2910000 lines from pt_en/unfiltered_phrasetable.txt
Processed 2920000 lines from pt_en/unfiltered_phrasetable.txt
Processed 2930000 lines from pt_en/unfiltered_phrasetable.txt
Processed 2940000 lines from pt_en/unfiltered_phrasetable.txt
Processed 2950000 lines from pt_en/unfiltered_phrasetable.txt
Processed 2960000 lines from pt_en/unfiltered_phrasetable.txt
Processed 2970000 lines from pt_en/unfiltered_phrasetable.txt
Processed 2980000 lines from pt_en/unfiltered_phrasetable.txt
Processed 2990000 lines from pt_en/unfiltered_phrasetable.txt
Processed 3000000 lines from pt_en/unfiltered_phrasetable.txt
Processed 3010000 lines from pt_en/unfiltered_phrasetable.txt
Processed 3020000 lines from pt_en/unfiltered_phrasetable.txt
Processed 3030000 lines from pt_en/unfiltered_phrasetable.txt
Processed 3040000 lines from pt_en/unfiltered_phrasetable.txt
Processed 3050000 lines from pt_en/unfiltered_phrasetable.txt
Processed 3060000 lines from pt_en/unfiltered_phrasetable.txt
Processed 3070000 lines from pt_en/unfiltered_phrasetable.txt
Processed 3080000 lines from pt_en/unfiltered_phrasetable.txt
Processed 3090000 lines from pt_en/unfiltered_phrasetable.txt
Processed 3100000 lines from pt_en/unfiltered_phrasetable.txt
Processed 3110000 lines from pt_en/unfiltered_phrasetable.txt
Processed 3120000 lines from pt_en/unfiltered_phrasetable.txt
Processed 3130000 lines from pt_en/unfiltered_phrasetable.txt
Processed 3140000 lines from pt_en/unfiltered_phrasetable.txt
Processed 3150000 lines from pt_en/unfiltered_phrasetable.txt
Processed 3160000 lines from pt_en/unfiltered_phrasetable.txt
Processed 3170000 lines from pt_en/unfiltered_phrasetable.txt
Processed 3180000 lines from pt_en/unfiltered_phrasetable.txt
Processed 3190000 lines from pt_en/unfiltered_phrasetable.txt
Processed 3200000 lines from pt_en/unfiltered_phrasetable.txt
Processed 3210000 lines from pt_en/unfiltered_phrasetable.txt
Processed 3220000 lines from pt_en/unfiltered_phrasetable.txt
Processed 3230000 lines from pt_en/unfiltered_phrasetable.txt
Processed 3240000 lines from pt_en/unfiltered_phrasetable.txt
Processed 3250000 lines from pt_en/unfiltered_phrasetable.txt
Processed 3260000 lines from pt_en/unfiltered_phrasetable.txt
Processed 3270000 lines from pt_en/unfiltered_phrasetable.txt
Processed 3280000 lines from pt_en/unfiltered_phrasetable.txt
Processed 3290000 lines from pt_en/unfiltered_phrasetable.txt
Processed 3300000 lines from pt_en/unfiltered_phrasetable.txt
Processed 3310000 lines from pt_en/unfiltered_phrasetable.txt
Processed 3320000 lines from pt_en/unfiltered_phrasetable.txt
Processed 3330000 lines from pt_en/unfiltered_phrasetable.txt
Processed 3340000 lines from pt_en/unfiltered_phrasetable.txt
Processed 3350000 lines from pt_en/unfiltered_phrasetable.txt
Processed 3360000 lines from pt_en/unfiltered_phrasetable.txt
Processed 3370000 lines from pt_en/unfiltered_phrasetable.txt
Processed 3380000 lines from pt_en/unfiltered_phrasetable.txt
Processed 3390000 lines from pt_en/unfiltered_phrasetable.txt
Processed 3400000 lines from pt_en/unfiltered_phrasetable.txt
Processed 3410000 lines from pt_en/unfiltered_phrasetable.txt
Processed 3420000 lines from pt_en/unfiltered_phrasetable.txt
Processed 3430000 lines from pt_en/unfiltered_phrasetable.txt
Processed 3440000 lines from pt_en/unfiltered_phrasetable.txt
Processed 3450000 lines from pt_en/unfiltered_phrasetable.txt
Processed 3460000 lines from pt_en/unfiltered_phrasetable.txt
Processed 3470000 lines from pt_en/unfiltered_phrasetable.txt
Processed 3480000 lines from pt_en/unfiltered_phrasetable.txt
Processed 3490000 lines from pt_en/unfiltered_phrasetable.txt
Processed 3500000 lines from pt_en/unfiltered_phrasetable.txt
Processed 3510000 lines from pt_en/unfiltered_phrasetable.txt
Processed 3520000 lines from pt_en/unfiltered_phrasetable.txt
Processed 3530000 lines from pt_en/unfiltered_phrasetable.txt
Processed 3540000 lines from pt_en/unfiltered_phrasetable.txt
Processed 3550000 lines from pt_en/unfiltered_phrasetable.txt
Processed 3560000 lines from pt_en/unfiltered_phrasetable.txt
Processed 3570000 lines from pt_en/unfiltered_phrasetable.txt
Processed 3580000 lines from pt_en/unfiltered_phrasetable.txt
Processed 3590000 lines from pt_en/unfiltered_phrasetable.txt
Processed 3600000 lines from pt_en/unfiltered_phrasetable.txt
Processed 3610000 lines from pt_en/unfiltered_phrasetable.txt
Processed 3620000 lines from pt_en/unfiltered_phrasetable.txt
Processed 3630000 lines from pt_en/unfiltered_phrasetable.txt
Processed 3640000 lines from pt_en/unfiltered_phrasetable.txt
Processed 3650000 lines from pt_en/unfiltered_phrasetable.txt
Processed 3660000 lines from pt_en/unfiltered_phrasetable.txt
Processed 3670000 lines from pt_en/unfiltered_phrasetable.txt
Processed 3680000 lines from pt_en/unfiltered_phrasetable.txt
Processed 3690000 lines from pt_en/unfiltered_phrasetable.txt
Processed 3700000 lines from pt_en/unfiltered_phrasetable.txt
Processed 3710000 lines from pt_en/unfiltered_phrasetable.txt
Processed 3720000 lines from pt_en/unfiltered_phrasetable.txt
Processed 3730000 lines from pt_en/unfiltered_phrasetable.txt
Processed 3740000 lines from pt_en/unfiltered_phrasetable.txt
Processed 3750000 lines from pt_en/unfiltered_phrasetable.txt
Processed 3760000 lines from pt_en/unfiltered_phrasetable.txt
Processed 3770000 lines from pt_en/unfiltered_phrasetable.txt
Processed 3780000 lines from pt_en/unfiltered_phrasetable.txt
Processed 3790000 lines from pt_en/unfiltered_phrasetable.txt
Processed 3800000 lines from pt_en/unfiltered_phrasetable.txt
Processed 3810000 lines from pt_en/unfiltered_phrasetable.txt
Processed 3820000 lines from pt_en/unfiltered_phrasetable.txt
Processed 3830000 lines from pt_en/unfiltered_phrasetable.txt
Processed 3840000 lines from pt_en/unfiltered_phrasetable.txt
Processed 3850000 lines from pt_en/unfiltered_phrasetable.txt
Processed 3860000 lines from pt_en/unfiltered_phrasetable.txt
Processed 3870000 lines from pt_en/unfiltered_phrasetable.txt
Processed 3880000 lines from pt_en/unfiltered_phrasetable.txt
Processed 3890000 lines from pt_en/unfiltered_phrasetable.txt
Processed 3900000 lines from pt_en/unfiltered_phrasetable.txt
Processed 3910000 lines from pt_en/unfiltered_phrasetable.txt
Processed 3920000 lines from pt_en/unfiltered_phrasetable.txt
Processed 3930000 lines from pt_en/unfiltered_phrasetable.txt
Processed 3940000 lines from pt_en/unfiltered_phrasetable.txt
Processed 3950000 lines from pt_en/unfiltered_phrasetable.txt
Processed 3960000 lines from pt_en/unfiltered_phrasetable.txt
Processed 3970000 lines from pt_en/unfiltered_phrasetable.txt
Processed 3980000 lines from pt_en/unfiltered_phrasetable.txt
Processed 3990000 lines from pt_en/unfiltered_phrasetable.txt
Processed 4000000 lines from pt_en/unfiltered_phrasetable.txt
Processed 4010000 lines from pt_en/unfiltered_phrasetable.txt
Processed 4020000 lines from pt_en/unfiltered_phrasetable.txt
Processed 4030000 lines from pt_en/unfiltered_phrasetable.txt
Processed 4040000 lines from pt_en/unfiltered_phrasetable.txt
Processed 4050000 lines from pt_en/unfiltered_phrasetable.txt
Processed 4060000 lines from pt_en/unfiltered_phrasetable.txt
Processed 4070000 lines from pt_en/unfiltered_phrasetable.txt
Processed 4080000 lines from pt_en/unfiltered_phrasetable.txt
Processed 4090000 lines from pt_en/unfiltered_phrasetable.txt
Processed 4100000 lines from pt_en/unfiltered_phrasetable.txt
Processed 4110000 lines from pt_en/unfiltered_phrasetable.txt
Processed 4120000 lines from pt_en/unfiltered_phrasetable.txt
Processed 4130000 lines from pt_en/unfiltered_phrasetable.txt
Processed 4140000 lines from pt_en/unfiltered_phrasetable.txt
Processed 4150000 lines from pt_en/unfiltered_phrasetable.txt
Processed 4160000 lines from pt_en/unfiltered_phrasetable.txt
Processed 4170000 lines from pt_en/unfiltered_phrasetable.txt
Processed 4180000 lines from pt_en/unfiltered_phrasetable.txt
Processed 4190000 lines from pt_en/unfiltered_phrasetable.txt
Processed 4200000 lines from pt_en/unfiltered_phrasetable.txt
Processed 4210000 lines from pt_en/unfiltered_phrasetable.txt
Processed 4220000 lines from pt_en/unfiltered_phrasetable.txt
Processed 4230000 lines from pt_en/unfiltered_phrasetable.txt
Processed 4240000 lines from pt_en/unfiltered_phrasetable.txt
Processed 4250000 lines from pt_en/unfiltered_phrasetable.txt
Processed 4260000 lines from pt_en/unfiltered_phrasetable.txt
Processed 4270000 lines from pt_en/unfiltered_phrasetable.txt
Processed 4280000 lines from pt_en/unfiltered_phrasetable.txt
Processed 4290000 lines from pt_en/unfiltered_phrasetable.txt
Processed 4300000 lines from pt_en/unfiltered_phrasetable.txt
Processed 4310000 lines from pt_en/unfiltered_phrasetable.txt
Processed 4320000 lines from pt_en/unfiltered_phrasetable.txt
Processed 4330000 lines from pt_en/unfiltered_phrasetable.txt
Processed 4340000 lines from pt_en/unfiltered_phrasetable.txt
Processed 4350000 lines from pt_en/unfiltered_phrasetable.txt
Processed 4360000 lines from pt_en/unfiltered_phrasetable.txt
Processed 4370000 lines from pt_en/unfiltered_phrasetable.txt
Processed 4380000 lines from pt_en/unfiltered_phrasetable.txt
Processed 4390000 lines from pt_en/unfiltered_phrasetable.txt
Processed 4400000 lines from pt_en/unfiltered_phrasetable.txt
Processed 4410000 lines from pt_en/unfiltered_phrasetable.txt
Processed 4420000 lines from pt_en/unfiltered_phrasetable.txt
Processed 4430000 lines from pt_en/unfiltered_phrasetable.txt
Processed 4440000 lines from pt_en/unfiltered_phrasetable.txt
Processed 4450000 lines from pt_en/unfiltered_phrasetable.txt
Processed 4460000 lines from pt_en/unfiltered_phrasetable.txt
Processed 4470000 lines from pt_en/unfiltered_phrasetable.txt
Processed 4480000 lines from pt_en/unfiltered_phrasetable.txt
Processed 4490000 lines from pt_en/unfiltered_phrasetable.txt
Processed 4500000 lines from pt_en/unfiltered_phrasetable.txt
Processed 4510000 lines from pt_en/unfiltered_phrasetable.txt
Processed 4520000 lines from pt_en/unfiltered_phrasetable.txt
Processed 4530000 lines from pt_en/unfiltered_phrasetable.txt
Processed 4540000 lines from pt_en/unfiltered_phrasetable.txt
Processed 4550000 lines from pt_en/unfiltered_phrasetable.txt
Processed 4560000 lines from pt_en/unfiltered_phrasetable.txt
Processed 4570000 lines from pt_en/unfiltered_phrasetable.txt
Processed 4580000 lines from pt_en/unfiltered_phrasetable.txt
Processed 4590000 lines from pt_en/unfiltered_phrasetable.txt
Processed 4600000 lines from pt_en/unfiltered_phrasetable.txt
Processed 4610000 lines from pt_en/unfiltered_phrasetable.txt
Processed 4620000 lines from pt_en/unfiltered_phrasetable.txt
Processed 4630000 lines from pt_en/unfiltered_phrasetable.txt
Processed 4640000 lines from pt_en/unfiltered_phrasetable.txt
Processed 4650000 lines from pt_en/unfiltered_phrasetable.txt
Processed 4660000 lines from pt_en/unfiltered_phrasetable.txt
Processed 4670000 lines from pt_en/unfiltered_phrasetable.txt
Processed 4680000 lines from pt_en/unfiltered_phrasetable.txt
Processed 4690000 lines from pt_en/unfiltered_phrasetable.txt
Processed 4700000 lines from pt_en/unfiltered_phrasetable.txt
Processed 4710000 lines from pt_en/unfiltered_phrasetable.txt
Processed 4720000 lines from pt_en/unfiltered_phrasetable.txt
Processed 4730000 lines from pt_en/unfiltered_phrasetable.txt
Processed 4740000 lines from pt_en/unfiltered_phrasetable.txt
Processed 4750000 lines from pt_en/unfiltered_phrasetable.txt
Processed 4760000 lines from pt_en/unfiltered_phrasetable.txt
Processed 4770000 lines from pt_en/unfiltered_phrasetable.txt
Processed 4780000 lines from pt_en/unfiltered_phrasetable.txt
Processed 4790000 lines from pt_en/unfiltered_phrasetable.txt
Processed 4800000 lines from pt_en/unfiltered_phrasetable.txt
Processed 4810000 lines from pt_en/unfiltered_phrasetable.txt
Processed 4820000 lines from pt_en/unfiltered_phrasetable.txt
Processed 4830000 lines from pt_en/unfiltered_phrasetable.txt
Processed 4840000 lines from pt_en/unfiltered_phrasetable.txt
Processed 4850000 lines from pt_en/unfiltered_phrasetable.txt
Processed 4860000 lines from pt_en/unfiltered_phrasetable.txt
Processed 4870000 lines from pt_en/unfiltered_phrasetable.txt
Processed 4880000 lines from pt_en/unfiltered_phrasetable.txt
Processed 4890000 lines from pt_en/unfiltered_phrasetable.txt
Processed 4900000 lines from pt_en/unfiltered_phrasetable.txt
Processed 4910000 lines from pt_en/unfiltered_phrasetable.txt
Processed 4920000 lines from pt_en/unfiltered_phrasetable.txt
Processed 4930000 lines from pt_en/unfiltered_phrasetable.txt
Processed 4940000 lines from pt_en/unfiltered_phrasetable.txt
Processed 4950000 lines from pt_en/unfiltered_phrasetable.txt
Processed 4960000 lines from pt_en/unfiltered_phrasetable.txt
Processed 4970000 lines from pt_en/unfiltered_phrasetable.txt
Processed 4980000 lines from pt_en/unfiltered_phrasetable.txt
Processed 4990000 lines from pt_en/unfiltered_phrasetable.txt
Processed 5000000 lines from pt_en/unfiltered_phrasetable.txt
Processed 5010000 lines from pt_en/unfiltered_phrasetable.txt
Processed 5020000 lines from pt_en/unfiltered_phrasetable.txt
Processed 5030000 lines from pt_en/unfiltered_phrasetable.txt
Processed 5040000 lines from pt_en/unfiltered_phrasetable.txt
Processed 5050000 lines from pt_en/unfiltered_phrasetable.txt
Processed 5060000 lines from pt_en/unfiltered_phrasetable.txt
Processed 5070000 lines from pt_en/unfiltered_phrasetable.txt
Processed 5080000 lines from pt_en/unfiltered_phrasetable.txt
Processed 5090000 lines from pt_en/unfiltered_phrasetable.txt
Processed 5100000 lines from pt_en/unfiltered_phrasetable.txt
Processed 5110000 lines from pt_en/unfiltered_phrasetable.txt
Processed 5120000 lines from pt_en/unfiltered_phrasetable.txt
Processed 5130000 lines from pt_en/unfiltered_phrasetable.txt
Processed 5140000 lines from pt_en/unfiltered_phrasetable.txt
Processed 5150000 lines from pt_en/unfiltered_phrasetable.txt
Processed 5160000 lines from pt_en/unfiltered_phrasetable.txt
Processed 5170000 lines from pt_en/unfiltered_phrasetable.txt
Processed 5180000 lines from pt_en/unfiltered_phrasetable.txt
Processed 5190000 lines from pt_en/unfiltered_phrasetable.txt
Processed 5200000 lines from pt_en/unfiltered_phrasetable.txt
Processed 5210000 lines from pt_en/unfiltered_phrasetable.txt
Processed 5220000 lines from pt_en/unfiltered_phrasetable.txt
Processed 5230000 lines from pt_en/unfiltered_phrasetable.txt
Processed 5240000 lines from pt_en/unfiltered_phrasetable.txt
Processed 5250000 lines from pt_en/unfiltered_phrasetable.txt
Processed 5260000 lines from pt_en/unfiltered_phrasetable.txt
Processed 5270000 lines from pt_en/unfiltered_phrasetable.txt
Processed 5280000 lines from pt_en/unfiltered_phrasetable.txt
Processed 5290000 lines from pt_en/unfiltered_phrasetable.txt
Processed 5300000 lines from pt_en/unfiltered_phrasetable.txt
Processed 5310000 lines from pt_en/unfiltered_phrasetable.txt
Processed 5320000 lines from pt_en/unfiltered_phrasetable.txt
Processed 5330000 lines from pt_en/unfiltered_phrasetable.txt
Processed 5340000 lines from pt_en/unfiltered_phrasetable.txt
Processed 5350000 lines from pt_en/unfiltered_phrasetable.txt
Processed 5360000 lines from pt_en/unfiltered_phrasetable.txt
Processed 5370000 lines from pt_en/unfiltered_phrasetable.txt
Processed 5380000 lines from pt_en/unfiltered_phrasetable.txt
Processed 5390000 lines from pt_en/unfiltered_phrasetable.txt
Processed 5400000 lines from pt_en/unfiltered_phrasetable.txt
Processed 5410000 lines from pt_en/unfiltered_phrasetable.txt
Processed 5420000 lines from pt_en/unfiltered_phrasetable.txt
Processed 5430000 lines from pt_en/unfiltered_phrasetable.txt
Processed 5440000 lines from pt_en/unfiltered_phrasetable.txt
Processed 5450000 lines from pt_en/unfiltered_phrasetable.txt
Processed 5460000 lines from pt_en/unfiltered_phrasetable.txt
Processed 5470000 lines from pt_en/unfiltered_phrasetable.txt
Processed 5480000 lines from pt_en/unfiltered_phrasetable.txt
Processed 5490000 lines from pt_en/unfiltered_phrasetable.txt
Processed 5500000 lines from pt_en/unfiltered_phrasetable.txt
Processed 5510000 lines from pt_en/unfiltered_phrasetable.txt
Processed 5520000 lines from pt_en/unfiltered_phrasetable.txt
Processed 5530000 lines from pt_en/unfiltered_phrasetable.txt
Processed 5540000 lines from pt_en/unfiltered_phrasetable.txt
Processed 5550000 lines from pt_en/unfiltered_phrasetable.txt
Processed 5560000 lines from pt_en/unfiltered_phrasetable.txt
Processed 5570000 lines from pt_en/unfiltered_phrasetable.txt
Processed 5580000 lines from pt_en/unfiltered_phrasetable.txt
Processed 5590000 lines from pt_en/unfiltered_phrasetable.txt
Processed 5600000 lines from pt_en/unfiltered_phrasetable.txt
Processed 5610000 lines from pt_en/unfiltered_phrasetable.txt
Processed 5620000 lines from pt_en/unfiltered_phrasetable.txt
Processed 5630000 lines from pt_en/unfiltered_phrasetable.txt
Processed 5640000 lines from pt_en/unfiltered_phrasetable.txt
Processed 5650000 lines from pt_en/unfiltered_phrasetable.txt
Processed 5660000 lines from pt_en/unfiltered_phrasetable.txt
Processed 5670000 lines from pt_en/unfiltered_phrasetable.txt
Processed 5680000 lines from pt_en/unfiltered_phrasetable.txt
Processed 5690000 lines from pt_en/unfiltered_phrasetable.txt
Processed 5700000 lines from pt_en/unfiltered_phrasetable.txt
Processed 5710000 lines from pt_en/unfiltered_phrasetable.txt
Processed 5720000 lines from pt_en/unfiltered_phrasetable.txt
Processed 5730000 lines from pt_en/unfiltered_phrasetable.txt
Processed 5740000 lines from pt_en/unfiltered_phrasetable.txt
Processed 5750000 lines from pt_en/unfiltered_phrasetable.txt
Processed 5760000 lines from pt_en/unfiltered_phrasetable.txt
Processed 5770000 lines from pt_en/unfiltered_phrasetable.txt
Processed 5780000 lines from pt_en/unfiltered_phrasetable.txt
Processed 5790000 lines from pt_en/unfiltered_phrasetable.txt
Processed 5800000 lines from pt_en/unfiltered_phrasetable.txt
Processed 5810000 lines from pt_en/unfiltered_phrasetable.txt
Processed 5820000 lines from pt_en/unfiltered_phrasetable.txt
Processed 5830000 lines from pt_en/unfiltered_phrasetable.txt
Processed 5840000 lines from pt_en/unfiltered_phrasetable.txt
Processed 5850000 lines from pt_en/unfiltered_phrasetable.txt
Processed 5860000 lines from pt_en/unfiltered_phrasetable.txt
Processed 5870000 lines from pt_en/unfiltered_phrasetable.txt
Processed 5880000 lines from pt_en/unfiltered_phrasetable.txt
Processed 5890000 lines from pt_en/unfiltered_phrasetable.txt
Processed 5900000 lines from pt_en/unfiltered_phrasetable.txt
Processed 5910000 lines from pt_en/unfiltered_phrasetable.txt
Processed 5920000 lines from pt_en/unfiltered_phrasetable.txt
Processed 5930000 lines from pt_en/unfiltered_phrasetable.txt
Processed 5940000 lines from pt_en/unfiltered_phrasetable.txt
Processed 5950000 lines from pt_en/unfiltered_phrasetable.txt
Processed 5960000 lines from pt_en/unfiltered_phrasetable.txt
Processed 5970000 lines from pt_en/unfiltered_phrasetable.txt
Processed 5980000 lines from pt_en/unfiltered_phrasetable.txt
Processed 5990000 lines from pt_en/unfiltered_phrasetable.txt
Processed 6000000 lines from pt_en/unfiltered_phrasetable.txt
Processed 6010000 lines from pt_en/unfiltered_phrasetable.txt
Processed 6020000 lines from pt_en/unfiltered_phrasetable.txt
Processed 6030000 lines from pt_en/unfiltered_phrasetable.txt
Processed 6040000 lines from pt_en/unfiltered_phrasetable.txt
Processed 6050000 lines from pt_en/unfiltered_phrasetable.txt
Processed 6060000 lines from pt_en/unfiltered_phrasetable.txt
Processed 6070000 lines from pt_en/unfiltered_phrasetable.txt
Processed 6080000 lines from pt_en/unfiltered_phrasetable.txt
Processed 6090000 lines from pt_en/unfiltered_phrasetable.txt
Processed 6100000 lines from pt_en/unfiltered_phrasetable.txt
Processed 6110000 lines from pt_en/unfiltered_phrasetable.txt
Processed 6120000 lines from pt_en/unfiltered_phrasetable.txt
Processed 6130000 lines from pt_en/unfiltered_phrasetable.txt
Processed 6140000 lines from pt_en/unfiltered_phrasetable.txt
Processed 6150000 lines from pt_en/unfiltered_phrasetable.txt
Processed 6160000 lines from pt_en/unfiltered_phrasetable.txt
Processed 6170000 lines from pt_en/unfiltered_phrasetable.txt
Processed 6180000 lines from pt_en/unfiltered_phrasetable.txt
Processed 6190000 lines from pt_en/unfiltered_phrasetable.txt
Processed 6200000 lines from pt_en/unfiltered_phrasetable.txt
Processed 6210000 lines from pt_en/unfiltered_phrasetable.txt
Processed 6220000 lines from pt_en/unfiltered_phrasetable.txt
Processed 6230000 lines from pt_en/unfiltered_phrasetable.txt
Processed 6240000 lines from pt_en/unfiltered_phrasetable.txt
Processed 6250000 lines from pt_en/unfiltered_phrasetable.txt
Processed 6260000 lines from pt_en/unfiltered_phrasetable.txt
Processed 6270000 lines from pt_en/unfiltered_phrasetable.txt
Processed 6280000 lines from pt_en/unfiltered_phrasetable.txt
Processed 6290000 lines from pt_en/unfiltered_phrasetable.txt
Processed 6300000 lines from pt_en/unfiltered_phrasetable.txt
Processed 6310000 lines from pt_en/unfiltered_phrasetable.txt
Processed 6320000 lines from pt_en/unfiltered_phrasetable.txt
Processed 6330000 lines from pt_en/unfiltered_phrasetable.txt
Processed 6340000 lines from pt_en/unfiltered_phrasetable.txt
Processed 6350000 lines from pt_en/unfiltered_phrasetable.txt
Processed 6360000 lines from pt_en/unfiltered_phrasetable.txt
Processed 6370000 lines from pt_en/unfiltered_phrasetable.txt
Processed 6380000 lines from pt_en/unfiltered_phrasetable.txt
Processed 6390000 lines from pt_en/unfiltered_phrasetable.txt
Processed 6400000 lines from pt_en/unfiltered_phrasetable.txt
Processed 6410000 lines from pt_en/unfiltered_phrasetable.txt
Processed 6420000 lines from pt_en/unfiltered_phrasetable.txt
Processed 6430000 lines from pt_en/unfiltered_phrasetable.txt
Processed 6440000 lines from pt_en/unfiltered_phrasetable.txt
Processed 6450000 lines from pt_en/unfiltered_phrasetable.txt
Processed 6460000 lines from pt_en/unfiltered_phrasetable.txt
Processed 6470000 lines from pt_en/unfiltered_phrasetable.txt
Processed 6480000 lines from pt_en/unfiltered_phrasetable.txt
Processed 6490000 lines from pt_en/unfiltered_phrasetable.txt
Processed 6500000 lines from pt_en/unfiltered_phrasetable.txt
Processed 6510000 lines from pt_en/unfiltered_phrasetable.txt
Processed 6520000 lines from pt_en/unfiltered_phrasetable.txt
Processed 6530000 lines from pt_en/unfiltered_phrasetable.txt
Processed 6540000 lines from pt_en/unfiltered_phrasetable.txt
Processed 6550000 lines from pt_en/unfiltered_phrasetable.txt
Processed 6560000 lines from pt_en/unfiltered_phrasetable.txt
Processed 6570000 lines from pt_en/unfiltered_phrasetable.txt
Processed 6580000 lines from pt_en/unfiltered_phrasetable.txt
Processed 6590000 lines from pt_en/unfiltered_phrasetable.txt
Processed 6600000 lines from pt_en/unfiltered_phrasetable.txt
Processed 6610000 lines from pt_en/unfiltered_phrasetable.txt
Processed 6620000 lines from pt_en/unfiltered_phrasetable.txt
Processed 6630000 lines from pt_en/unfiltered_phrasetable.txt
Processed 6640000 lines from pt_en/unfiltered_phrasetable.txt
Processed 6650000 lines from pt_en/unfiltered_phrasetable.txt
Processed 6660000 lines from pt_en/unfiltered_phrasetable.txt
Processed 6670000 lines from pt_en/unfiltered_phrasetable.txt
Processed 6680000 lines from pt_en/unfiltered_phrasetable.txt
Processed 6690000 lines from pt_en/unfiltered_phrasetable.txt
Processed 6700000 lines from pt_en/unfiltered_phrasetable.txt
Processed 6710000 lines from pt_en/unfiltered_phrasetable.txt
Processed 6720000 lines from pt_en/unfiltered_phrasetable.txt
Processed 6730000 lines from pt_en/unfiltered_phrasetable.txt
Processed 6740000 lines from pt_en/unfiltered_phrasetable.txt
Processed 6750000 lines from pt_en/unfiltered_phrasetable.txt
Processed 6760000 lines from pt_en/unfiltered_phrasetable.txt
Processed 6770000 lines from pt_en/unfiltered_phrasetable.txt
Processed 6780000 lines from pt_en/unfiltered_phrasetable.txt
Processed 6790000 lines from pt_en/unfiltered_phrasetable.txt
Processed 6800000 lines from pt_en/unfiltered_phrasetable.txt
Processed 6810000 lines from pt_en/unfiltered_phrasetable.txt
Processed 6820000 lines from pt_en/unfiltered_phrasetable.txt
Processed 6830000 lines from pt_en/unfiltered_phrasetable.txt
Processed 6840000 lines from pt_en/unfiltered_phrasetable.txt
Processed 6850000 lines from pt_en/unfiltered_phrasetable.txt
Processed 6860000 lines from pt_en/unfiltered_phrasetable.txt
Processed 6870000 lines from pt_en/unfiltered_phrasetable.txt
Processed 6880000 lines from pt_en/unfiltered_phrasetable.txt
Processed 6890000 lines from pt_en/unfiltered_phrasetable.txt
Processed 6900000 lines from pt_en/unfiltered_phrasetable.txt
Processed 6910000 lines from pt_en/unfiltered_phrasetable.txt
Processed 6920000 lines from pt_en/unfiltered_phrasetable.txt
Processed 6930000 lines from pt_en/unfiltered_phrasetable.txt
Processed 6940000 lines from pt_en/unfiltered_phrasetable.txt
Processed 6950000 lines from pt_en/unfiltered_phrasetable.txt
Processed 6960000 lines from pt_en/unfiltered_phrasetable.txt
Processed 6970000 lines from pt_en/unfiltered_phrasetable.txt
Processed 6980000 lines from pt_en/unfiltered_phrasetable.txt
Processed 6990000 lines from pt_en/unfiltered_phrasetable.txt
Processed 7000000 lines from pt_en/unfiltered_phrasetable.txt
Processed 7010000 lines from pt_en/unfiltered_phrasetable.txt
Processed 7020000 lines from pt_en/unfiltered_phrasetable.txt
Processed 7030000 lines from pt_en/unfiltered_phrasetable.txt
Processed 7040000 lines from pt_en/unfiltered_phrasetable.txt
Processed 7050000 lines from pt_en/unfiltered_phrasetable.txt
Processed 7060000 lines from pt_en/unfiltered_phrasetable.txt
Processed 7070000 lines from pt_en/unfiltered_phrasetable.txt
Processed 7080000 lines from pt_en/unfiltered_phrasetable.txt
Processed 7090000 lines from pt_en/unfiltered_phrasetable.txt
Processed 7100000 lines from pt_en/unfiltered_phrasetable.txt
Processed 7110000 lines from pt_en/unfiltered_phrasetable.txt
Processed 7120000 lines from pt_en/unfiltered_phrasetable.txt
Processed 7130000 lines from pt_en/unfiltered_phrasetable.txt
Processed 7140000 lines from pt_en/unfiltered_phrasetable.txt
Processed 7150000 lines from pt_en/unfiltered_phrasetable.txt
Processed 7160000 lines from pt_en/unfiltered_phrasetable.txt
Processed 7170000 lines from pt_en/unfiltered_phrasetable.txt
Processed 7180000 lines from pt_en/unfiltered_phrasetable.txt
Processed 7190000 lines from pt_en/unfiltered_phrasetable.txt
Processed 7200000 lines from pt_en/unfiltered_phrasetable.txt
Processed 7210000 lines from pt_en/unfiltered_phrasetable.txt
Processed 7220000 lines from pt_en/unfiltered_phrasetable.txt
Processed 7230000 lines from pt_en/unfiltered_phrasetable.txt
Processed 7240000 lines from pt_en/unfiltered_phrasetable.txt
Processed 7250000 lines from pt_en/unfiltered_phrasetable.txt
Processed 7260000 lines from pt_en/unfiltered_phrasetable.txt
Processed 7270000 lines from pt_en/unfiltered_phrasetable.txt
Processed 7280000 lines from pt_en/unfiltered_phrasetable.txt
Processed 7290000 lines from pt_en/unfiltered_phrasetable.txt
Processed 7300000 lines from pt_en/unfiltered_phrasetable.txt
Processed 7310000 lines from pt_en/unfiltered_phrasetable.txt
Processed 7320000 lines from pt_en/unfiltered_phrasetable.txt
Processed 7330000 lines from pt_en/unfiltered_phrasetable.txt
Processed 7340000 lines from pt_en/unfiltered_phrasetable.txt
Processed 7350000 lines from pt_en/unfiltered_phrasetable.txt
Processed 7360000 lines from pt_en/unfiltered_phrasetable.txt
Processed 7370000 lines from pt_en/unfiltered_phrasetable.txt
Processed 7380000 lines from pt_en/unfiltered_phrasetable.txt
Processed 7390000 lines from pt_en/unfiltered_phrasetable.txt
Processed 7400000 lines from pt_en/unfiltered_phrasetable.txt
Processed 7410000 lines from pt_en/unfiltered_phrasetable.txt
Processed 7420000 lines from pt_en/unfiltered_phrasetable.txt
Processed 7430000 lines from pt_en/unfiltered_phrasetable.txt
Processed 7440000 lines from pt_en/unfiltered_phrasetable.txt
Processed 7450000 lines from pt_en/unfiltered_phrasetable.txt
Processed 7460000 lines from pt_en/unfiltered_phrasetable.txt
Processed 7470000 lines from pt_en/unfiltered_phrasetable.txt
Processed 7480000 lines from pt_en/unfiltered_phrasetable.txt
Processed 7490000 lines from pt_en/unfiltered_phrasetable.txt
Processed 7500000 lines from pt_en/unfiltered_phrasetable.txt
Processed 7510000 lines from pt_en/unfiltered_phrasetable.txt
Processed 7520000 lines from pt_en/unfiltered_phrasetable.txt
Processed 7530000 lines from pt_en/unfiltered_phrasetable.txt
Processed 7540000 lines from pt_en/unfiltered_phrasetable.txt
Processed 7550000 lines from pt_en/unfiltered_phrasetable.txt
Processed 7560000 lines from pt_en/unfiltered_phrasetable.txt
Processed 7570000 lines from pt_en/unfiltered_phrasetable.txt
Processed 7580000 lines from pt_en/unfiltered_phrasetable.txt
Processed 7590000 lines from pt_en/unfiltered_phrasetable.txt
Processed 7600000 lines from pt_en/unfiltered_phrasetable.txt
Processed 7610000 lines from pt_en/unfiltered_phrasetable.txt
Processed 7620000 lines from pt_en/unfiltered_phrasetable.txt
Processed 7630000 lines from pt_en/unfiltered_phrasetable.txt
Processed 7640000 lines from pt_en/unfiltered_phrasetable.txt
Processed 7650000 lines from pt_en/unfiltered_phrasetable.txt
Processed 7660000 lines from pt_en/unfiltered_phrasetable.txt
Processed 7670000 lines from pt_en/unfiltered_phrasetable.txt
Processed 7680000 lines from pt_en/unfiltered_phrasetable.txt
Processed 7690000 lines from pt_en/unfiltered_phrasetable.txt
Processed 7700000 lines from pt_en/unfiltered_phrasetable.txt
Processed 7710000 lines from pt_en/unfiltered_phrasetable.txt
Processed 7720000 lines from pt_en/unfiltered_phrasetable.txt
Processed 7730000 lines from pt_en/unfiltered_phrasetable.txt
Processed 7740000 lines from pt_en/unfiltered_phrasetable.txt
Processed 7750000 lines from pt_en/unfiltered_phrasetable.txt
Processed 7760000 lines from pt_en/unfiltered_phrasetable.txt
Processed 7770000 lines from pt_en/unfiltered_phrasetable.txt
Processed 7780000 lines from pt_en/unfiltered_phrasetable.txt
Processed 7790000 lines from pt_en/unfiltered_phrasetable.txt
Processed 7800000 lines from pt_en/unfiltered_phrasetable.txt
Processed 7810000 lines from pt_en/unfiltered_phrasetable.txt
Processed 7820000 lines from pt_en/unfiltered_phrasetable.txt
Processed 7830000 lines from pt_en/unfiltered_phrasetable.txt
Processed 7840000 lines from pt_en/unfiltered_phrasetable.txt
Processed 7850000 lines from pt_en/unfiltered_phrasetable.txt
Processed 7860000 lines from pt_en/unfiltered_phrasetable.txt
Processed 7870000 lines from pt_en/unfiltered_phrasetable.txt
Processed 7880000 lines from pt_en/unfiltered_phrasetable.txt
Processed 7890000 lines from pt_en/unfiltered_phrasetable.txt
Processed 7900000 lines from pt_en/unfiltered_phrasetable.txt
Processed 7910000 lines from pt_en/unfiltered_phrasetable.txt
Processed 7920000 lines from pt_en/unfiltered_phrasetable.txt
Processed 7930000 lines from pt_en/unfiltered_phrasetable.txt
Processed 7940000 lines from pt_en/unfiltered_phrasetable.txt
Processed 7950000 lines from pt_en/unfiltered_phrasetable.txt
Processed 7960000 lines from pt_en/unfiltered_phrasetable.txt
Processed 7970000 lines from pt_en/unfiltered_phrasetable.txt
Processed 7980000 lines from pt_en/unfiltered_phrasetable.txt
Processed 7990000 lines from pt_en/unfiltered_phrasetable.txt
Processed 8000000 lines from pt_en/unfiltered_phrasetable.txt
Processed 8010000 lines from pt_en/unfiltered_phrasetable.txt
Processed 8020000 lines from pt_en/unfiltered_phrasetable.txt
Processed 8030000 lines from pt_en/unfiltered_phrasetable.txt
Processed 8040000 lines from pt_en/unfiltered_phrasetable.txt
Processed 8050000 lines from pt_en/unfiltered_phrasetable.txt
Processed 8060000 lines from pt_en/unfiltered_phrasetable.txt
Processed 8070000 lines from pt_en/unfiltered_phrasetable.txt
Processed 8080000 lines from pt_en/unfiltered_phrasetable.txt
Processed 8090000 lines from pt_en/unfiltered_phrasetable.txt
Processed 8100000 lines from pt_en/unfiltered_phrasetable.txt
Processed 8110000 lines from pt_en/unfiltered_phrasetable.txt
Processed 8120000 lines from pt_en/unfiltered_phrasetable.txt
Processed 8130000 lines from pt_en/unfiltered_phrasetable.txt
Processed 8140000 lines from pt_en/unfiltered_phrasetable.txt
Processed 8150000 lines from pt_en/unfiltered_phrasetable.txt
Processed 8160000 lines from pt_en/unfiltered_phrasetable.txt
Processed 8170000 lines from pt_en/unfiltered_phrasetable.txt
Processed 8180000 lines from pt_en/unfiltered_phrasetable.txt
Processed 8190000 lines from pt_en/unfiltered_phrasetable.txt
Processed 8200000 lines from pt_en/unfiltered_phrasetable.txt
Processed 8210000 lines from pt_en/unfiltered_phrasetable.txt
Processed 8220000 lines from pt_en/unfiltered_phrasetable.txt
Processed 8230000 lines from pt_en/unfiltered_phrasetable.txt
Processed 8240000 lines from pt_en/unfiltered_phrasetable.txt
Processed 8250000 lines from pt_en/unfiltered_phrasetable.txt
Processed 8260000 lines from pt_en/unfiltered_phrasetable.txt
Processed 8270000 lines from pt_en/unfiltered_phrasetable.txt
Processed 8280000 lines from pt_en/unfiltered_phrasetable.txt
Processed 8290000 lines from pt_en/unfiltered_phrasetable.txt
Processed 8300000 lines from pt_en/unfiltered_phrasetable.txt
Processed 8310000 lines from pt_en/unfiltered_phrasetable.txt
Processed 8320000 lines from pt_en/unfiltered_phrasetable.txt
Processed 8330000 lines from pt_en/unfiltered_phrasetable.txt
Processed 8340000 lines from pt_en/unfiltered_phrasetable.txt
Processed 8350000 lines from pt_en/unfiltered_phrasetable.txt
Processed 8360000 lines from pt_en/unfiltered_phrasetable.txt
Processed 8370000 lines from pt_en/unfiltered_phrasetable.txt
Processed 8380000 lines from pt_en/unfiltered_phrasetable.txt
Processed 8390000 lines from pt_en/unfiltered_phrasetable.txt
Processed 8400000 lines from pt_en/unfiltered_phrasetable.txt
Processed 8410000 lines from pt_en/unfiltered_phrasetable.txt
Processed 8420000 lines from pt_en/unfiltered_phrasetable.txt
Processed 8430000 lines from pt_en/unfiltered_phrasetable.txt
Processed 8440000 lines from pt_en/unfiltered_phrasetable.txt
Processed 8450000 lines from pt_en/unfiltered_phrasetable.txt
Processed 8460000 lines from pt_en/unfiltered_phrasetable.txt
Processed 8470000 lines from pt_en/unfiltered_phrasetable.txt
Processed 8480000 lines from pt_en/unfiltered_phrasetable.txt
Processed 8490000 lines from pt_en/unfiltered_phrasetable.txt
Processed 8500000 lines from pt_en/unfiltered_phrasetable.txt
Processed 8510000 lines from pt_en/unfiltered_phrasetable.txt
Processed 8520000 lines from pt_en/unfiltered_phrasetable.txt
Processed 8530000 lines from pt_en/unfiltered_phrasetable.txt
Processed 8540000 lines from pt_en/unfiltered_phrasetable.txt
Processed 8550000 lines from pt_en/unfiltered_phrasetable.txt
Processed 8560000 lines from pt_en/unfiltered_phrasetable.txt
Processed 8570000 lines from pt_en/unfiltered_phrasetable.txt
Processed 8580000 lines from pt_en/unfiltered_phrasetable.txt
Processed 8590000 lines from pt_en/unfiltered_phrasetable.txt
Processed 8600000 lines from pt_en/unfiltered_phrasetable.txt
Processed 8610000 lines from pt_en/unfiltered_phrasetable.txt
Processed 8620000 lines from pt_en/unfiltered_phrasetable.txt
Processed 8630000 lines from pt_en/unfiltered_phrasetable.txt
Processed 8640000 lines from pt_en/unfiltered_phrasetable.txt
Processed 8650000 lines from pt_en/unfiltered_phrasetable.txt
Processed 8660000 lines from pt_en/unfiltered_phrasetable.txt
Processed 8670000 lines from pt_en/unfiltered_phrasetable.txt
Processed 8680000 lines from pt_en/unfiltered_phrasetable.txt
Processed 8690000 lines from pt_en/unfiltered_phrasetable.txt
Processed 8700000 lines from pt_en/unfiltered_phrasetable.txt
Processed 8710000 lines from pt_en/unfiltered_phrasetable.txt
Processed 8720000 lines from pt_en/unfiltered_phrasetable.txt
Processed 8730000 lines from pt_en/unfiltered_phrasetable.txt
Processed 8740000 lines from pt_en/unfiltered_phrasetable.txt
Processed 8750000 lines from pt_en/unfiltered_phrasetable.txt
Processed 8760000 lines from pt_en/unfiltered_phrasetable.txt
Processed 8770000 lines from pt_en/unfiltered_phrasetable.txt
Processed 8780000 lines from pt_en/unfiltered_phrasetable.txt
Processed 8790000 lines from pt_en/unfiltered_phrasetable.txt
Processed 8800000 lines from pt_en/unfiltered_phrasetable.txt
Processed 8810000 lines from pt_en/unfiltered_phrasetable.txt
Processed 8820000 lines from pt_en/unfiltered_phrasetable.txt
Processed 8830000 lines from pt_en/unfiltered_phrasetable.txt
Processed 8840000 lines from pt_en/unfiltered_phrasetable.txt
Processed 8850000 lines from pt_en/unfiltered_phrasetable.txt
Processed 8860000 lines from pt_en/unfiltered_phrasetable.txt
Processed 8870000 lines from pt_en/unfiltered_phrasetable.txt
Processed 8880000 lines from pt_en/unfiltered_phrasetable.txt
Processed 8890000 lines from pt_en/unfiltered_phrasetable.txt
Processed 8900000 lines from pt_en/unfiltered_phrasetable.txt
Processed 8910000 lines from pt_en/unfiltered_phrasetable.txt
Processed 8920000 lines from pt_en/unfiltered_phrasetable.txt
Processed 8930000 lines from pt_en/unfiltered_phrasetable.txt
Processed 8940000 lines from pt_en/unfiltered_phrasetable.txt
Processed 8950000 lines from pt_en/unfiltered_phrasetable.txt
Processed 8960000 lines from pt_en/unfiltered_phrasetable.txt
Processed 8970000 lines from pt_en/unfiltered_phrasetable.txt
Processed 8980000 lines from pt_en/unfiltered_phrasetable.txt
Processed 8990000 lines from pt_en/unfiltered_phrasetable.txt
Processed 9000000 lines from pt_en/unfiltered_phrasetable.txt
Processed 9010000 lines from pt_en/unfiltered_phrasetable.txt
Processed 9020000 lines from pt_en/unfiltered_phrasetable.txt
Processed 9030000 lines from pt_en/unfiltered_phrasetable.txt
Processed 9040000 lines from pt_en/unfiltered_phrasetable.txt
Processed 9050000 lines from pt_en/unfiltered_phrasetable.txt
Processed 9060000 lines from pt_en/unfiltered_phrasetable.txt
Processed 9070000 lines from pt_en/unfiltered_phrasetable.txt
Processed 9080000 lines from pt_en/unfiltered_phrasetable.txt
Processed 9090000 lines from pt_en/unfiltered_phrasetable.txt
Processed 9100000 lines from pt_en/unfiltered_phrasetable.txt
Processed 9110000 lines from pt_en/unfiltered_phrasetable.txt
Processed 9120000 lines from pt_en/unfiltered_phrasetable.txt
Processed 9130000 lines from pt_en/unfiltered_phrasetable.txt
Processed 9140000 lines from pt_en/unfiltered_phrasetable.txt
Processed 9150000 lines from pt_en/unfiltered_phrasetable.txt
Processed 9160000 lines from pt_en/unfiltered_phrasetable.txt
Processed 9170000 lines from pt_en/unfiltered_phrasetable.txt
Processed 9180000 lines from pt_en/unfiltered_phrasetable.txt
Processed 9190000 lines from pt_en/unfiltered_phrasetable.txt
Processed 9200000 lines from pt_en/unfiltered_phrasetable.txt
Processed 9210000 lines from pt_en/unfiltered_phrasetable.txt
Processed 9220000 lines from pt_en/unfiltered_phrasetable.txt
Processed 9230000 lines from pt_en/unfiltered_phrasetable.txt
Processed 9240000 lines from pt_en/unfiltered_phrasetable.txt
Processed 9250000 lines from pt_en/unfiltered_phrasetable.txt
Processed 9260000 lines from pt_en/unfiltered_phrasetable.txt
Processed 9270000 lines from pt_en/unfiltered_phrasetable.txt
Processed 9280000 lines from pt_en/unfiltered_phrasetable.txt
Processed 9290000 lines from pt_en/unfiltered_phrasetable.txt
Processed 9300000 lines from pt_en/unfiltered_phrasetable.txt
Processed 9310000 lines from pt_en/unfiltered_phrasetable.txt
Processed 9320000 lines from pt_en/unfiltered_phrasetable.txt
Processed 9330000 lines from pt_en/unfiltered_phrasetable.txt
Processed 9340000 lines from pt_en/unfiltered_phrasetable.txt
Processed 9350000 lines from pt_en/unfiltered_phrasetable.txt
Processed 9360000 lines from pt_en/unfiltered_phrasetable.txt
Processed 9370000 lines from pt_en/unfiltered_phrasetable.txt
Processed 9380000 lines from pt_en/unfiltered_phrasetable.txt
Processed 9390000 lines from pt_en/unfiltered_phrasetable.txt
Processed 9400000 lines from pt_en/unfiltered_phrasetable.txt
Processed 9410000 lines from pt_en/unfiltered_phrasetable.txt
Processed 9420000 lines from pt_en/unfiltered_phrasetable.txt
Processed 9430000 lines from pt_en/unfiltered_phrasetable.txt
Processed 9440000 lines from pt_en/unfiltered_phrasetable.txt
Processed 9450000 lines from pt_en/unfiltered_phrasetable.txt
Processed 9460000 lines from pt_en/unfiltered_phrasetable.txt
Processed 9470000 lines from pt_en/unfiltered_phrasetable.txt
Processed 9480000 lines from pt_en/unfiltered_phrasetable.txt
Processed 9490000 lines from pt_en/unfiltered_phrasetable.txt
Processed 9500000 lines from pt_en/unfiltered_phrasetable.txt
Processed 9510000 lines from pt_en/unfiltered_phrasetable.txt
Processed 9520000 lines from pt_en/unfiltered_phrasetable.txt
Processed 9530000 lines from pt_en/unfiltered_phrasetable.txt
Processed 9540000 lines from pt_en/unfiltered_phrasetable.txt
Processed 9550000 lines from pt_en/unfiltered_phrasetable.txt
Processed 9560000 lines from pt_en/unfiltered_phrasetable.txt
Processed 9570000 lines from pt_en/unfiltered_phrasetable.txt
Processed 9580000 lines from pt_en/unfiltered_phrasetable.txt
Processed 9590000 lines from pt_en/unfiltered_phrasetable.txt
Processed 9600000 lines from pt_en/unfiltered_phrasetable.txt
Processed 9610000 lines from pt_en/unfiltered_phrasetable.txt
Processed 9620000 lines from pt_en/unfiltered_phrasetable.txt
Processed 9630000 lines from pt_en/unfiltered_phrasetable.txt
Processed 9640000 lines from pt_en/unfiltered_phrasetable.txt
Processed 9650000 lines from pt_en/unfiltered_phrasetable.txt
Processed 9660000 lines from pt_en/unfiltered_phrasetable.txt
Processed 9670000 lines from pt_en/unfiltered_phrasetable.txt
Processed 9680000 lines from pt_en/unfiltered_phrasetable.txt
Processed 9690000 lines from pt_en/unfiltered_phrasetable.txt
Processed 9700000 lines from pt_en/unfiltered_phrasetable.txt
Processed 9710000 lines from pt_en/unfiltered_phrasetable.txt
Processed 9720000 lines from pt_en/unfiltered_phrasetable.txt
Processed 9730000 lines from pt_en/unfiltered_phrasetable.txt
Processed 9740000 lines from pt_en/unfiltered_phrasetable.txt
Processed 9750000 lines from pt_en/unfiltered_phrasetable.txt
Processed 9760000 lines from pt_en/unfiltered_phrasetable.txt
Processed 9770000 lines from pt_en/unfiltered_phrasetable.txt
Processed 9780000 lines from pt_en/unfiltered_phrasetable.txt
Processed 9790000 lines from pt_en/unfiltered_phrasetable.txt
Processed 9800000 lines from pt_en/unfiltered_phrasetable.txt
Processed 9810000 lines from pt_en/unfiltered_phrasetable.txt
Processed 9820000 lines from pt_en/unfiltered_phrasetable.txt
Processed 9830000 lines from pt_en/unfiltered_phrasetable.txt
Processed 9840000 lines from pt_en/unfiltered_phrasetable.txt
Processed 9850000 lines from pt_en/unfiltered_phrasetable.txt
Processed 9860000 lines from pt_en/unfiltered_phrasetable.txt
Processed 9870000 lines from pt_en/unfiltered_phrasetable.txt
Processed 9880000 lines from pt_en/unfiltered_phrasetable.txt
Processed 9890000 lines from pt_en/unfiltered_phrasetable.txt
Processed 9900000 lines from pt_en/unfiltered_phrasetable.txt
Processed 9910000 lines from pt_en/unfiltered_phrasetable.txt
Processed 9920000 lines from pt_en/unfiltered_phrasetable.txt
Processed 9930000 lines from pt_en/unfiltered_phrasetable.txt
Processed 9940000 lines from pt_en/unfiltered_phrasetable.txt
Processed 9950000 lines from pt_en/unfiltered_phrasetable.txt
Processed 9960000 lines from pt_en/unfiltered_phrasetable.txt
Processed 9970000 lines from pt_en/unfiltered_phrasetable.txt
Processed 9980000 lines from pt_en/unfiltered_phrasetable.txt
Processed 9990000 lines from pt_en/unfiltered_phrasetable.txt
Processed 10000000 lines from pt_en/unfiltered_phrasetable.txt
Processed 10010000 lines from pt_en/unfiltered_phrasetable.txt
Processed 10020000 lines from pt_en/unfiltered_phrasetable.txt
Processed 10030000 lines from pt_en/unfiltered_phrasetable.txt
Processed 10040000 lines from pt_en/unfiltered_phrasetable.txt
Processed 10050000 lines from pt_en/unfiltered_phrasetable.txt
Processed 10060000 lines from pt_en/unfiltered_phrasetable.txt
Processed 10070000 lines from pt_en/unfiltered_phrasetable.txt
Processed 10080000 lines from pt_en/unfiltered_phrasetable.txt
Processed 10090000 lines from pt_en/unfiltered_phrasetable.txt
Processed 10100000 lines from pt_en/unfiltered_phrasetable.txt
Processed 10110000 lines from pt_en/unfiltered_phrasetable.txt
Processed 10120000 lines from pt_en/unfiltered_phrasetable.txt
Processed 10130000 lines from pt_en/unfiltered_phrasetable.txt
Processed 10140000 lines from pt_en/unfiltered_phrasetable.txt
Processed 10150000 lines from pt_en/unfiltered_phrasetable.txt
Processed 10160000 lines from pt_en/unfiltered_phrasetable.txt
Processed 10170000 lines from pt_en/unfiltered_phrasetable.txt
Processed 10180000 lines from pt_en/unfiltered_phrasetable.txt
Processed 10190000 lines from pt_en/unfiltered_phrasetable.txt
Processed 10200000 lines from pt_en/unfiltered_phrasetable.txt
Processed 10210000 lines from pt_en/unfiltered_phrasetable.txt
Processed 10220000 lines from pt_en/unfiltered_phrasetable.txt
Processed 10230000 lines from pt_en/unfiltered_phrasetable.txt
Processed 10240000 lines from pt_en/unfiltered_phrasetable.txt
Processed 10250000 lines from pt_en/unfiltered_phrasetable.txt
Processed 10260000 lines from pt_en/unfiltered_phrasetable.txt
Processed 10270000 lines from pt_en/unfiltered_phrasetable.txt
Processed 10280000 lines from pt_en/unfiltered_phrasetable.txt
Processed 10290000 lines from pt_en/unfiltered_phrasetable.txt
Processed 10300000 lines from pt_en/unfiltered_phrasetable.txt
Processed 10310000 lines from pt_en/unfiltered_phrasetable.txt
Processed 10320000 lines from pt_en/unfiltered_phrasetable.txt
Processed 10330000 lines from pt_en/unfiltered_phrasetable.txt
Processed 10340000 lines from pt_en/unfiltered_phrasetable.txt
Processed 10350000 lines from pt_en/unfiltered_phrasetable.txt
Processed 10360000 lines from pt_en/unfiltered_phrasetable.txt
Processed 10370000 lines from pt_en/unfiltered_phrasetable.txt
Processed 10380000 lines from pt_en/unfiltered_phrasetable.txt
Processed 10390000 lines from pt_en/unfiltered_phrasetable.txt
Processed 10400000 lines from pt_en/unfiltered_phrasetable.txt
Processed 10410000 lines from pt_en/unfiltered_phrasetable.txt
Processed 10420000 lines from pt_en/unfiltered_phrasetable.txt
Processed 10430000 lines from pt_en/unfiltered_phrasetable.txt
Processed 10440000 lines from pt_en/unfiltered_phrasetable.txt
Processed 10450000 lines from pt_en/unfiltered_phrasetable.txt
Processed 10460000 lines from pt_en/unfiltered_phrasetable.txt
Processed 10470000 lines from pt_en/unfiltered_phrasetable.txt
Processed 10480000 lines from pt_en/unfiltered_phrasetable.txt
Processed 10490000 lines from pt_en/unfiltered_phrasetable.txt
Processed 10500000 lines from pt_en/unfiltered_phrasetable.txt
Processed 10510000 lines from pt_en/unfiltered_phrasetable.txt
Processed 10520000 lines from pt_en/unfiltered_phrasetable.txt
Processed 10530000 lines from pt_en/unfiltered_phrasetable.txt
Processed 10540000 lines from pt_en/unfiltered_phrasetable.txt
Processed 10550000 lines from pt_en/unfiltered_phrasetable.txt
Processed 10560000 lines from pt_en/unfiltered_phrasetable.txt
Processed 10570000 lines from pt_en/unfiltered_phrasetable.txt
Processed 10580000 lines from pt_en/unfiltered_phrasetable.txt
Processed 10590000 lines from pt_en/unfiltered_phrasetable.txt
Processed 10600000 lines from pt_en/unfiltered_phrasetable.txt
Processed 10610000 lines from pt_en/unfiltered_phrasetable.txt
Processed 10620000 lines from pt_en/unfiltered_phrasetable.txt
Processed 10630000 lines from pt_en/unfiltered_phrasetable.txt
Processed 10640000 lines from pt_en/unfiltered_phrasetable.txt
Processed 10650000 lines from pt_en/unfiltered_phrasetable.txt
Processed 10660000 lines from pt_en/unfiltered_phrasetable.txt
Processed 10670000 lines from pt_en/unfiltered_phrasetable.txt
Processed 10680000 lines from pt_en/unfiltered_phrasetable.txt
Processed 10690000 lines from pt_en/unfiltered_phrasetable.txt
Processed 10700000 lines from pt_en/unfiltered_phrasetable.txt
Processed 10710000 lines from pt_en/unfiltered_phrasetable.txt
Processed 10720000 lines from pt_en/unfiltered_phrasetable.txt
Processed 10730000 lines from pt_en/unfiltered_phrasetable.txt
Processed 10740000 lines from pt_en/unfiltered_phrasetable.txt
Processed 10750000 lines from pt_en/unfiltered_phrasetable.txt
Processed 10760000 lines from pt_en/unfiltered_phrasetable.txt
Processed 10770000 lines from pt_en/unfiltered_phrasetable.txt
Processed 10780000 lines from pt_en/unfiltered_phrasetable.txt
Processed 10790000 lines from pt_en/unfiltered_phrasetable.txt
Processed 10800000 lines from pt_en/unfiltered_phrasetable.txt
Processed 10810000 lines from pt_en/unfiltered_phrasetable.txt
Processed 10820000 lines from pt_en/unfiltered_phrasetable.txt
Processed 10830000 lines from pt_en/unfiltered_phrasetable.txt
Processed 10840000 lines from pt_en/unfiltered_phrasetable.txt
Processed 10850000 lines from pt_en/unfiltered_phrasetable.txt
Processed 10860000 lines from pt_en/unfiltered_phrasetable.txt
Processed 10870000 lines from pt_en/unfiltered_phrasetable.txt
Processed 10880000 lines from pt_en/unfiltered_phrasetable.txt
Processed 10890000 lines from pt_en/unfiltered_phrasetable.txt
Processed 10900000 lines from pt_en/unfiltered_phrasetable.txt
Processed 10910000 lines from pt_en/unfiltered_phrasetable.txt
Processed 10920000 lines from pt_en/unfiltered_phrasetable.txt
Processed 10930000 lines from pt_en/unfiltered_phrasetable.txt
Processed 10940000 lines from pt_en/unfiltered_phrasetable.txt
Processed 10950000 lines from pt_en/unfiltered_phrasetable.txt
Processed 10960000 lines from pt_en/unfiltered_phrasetable.txt
Processed 10970000 lines from pt_en/unfiltered_phrasetable.txt
Processed 10980000 lines from pt_en/unfiltered_phrasetable.txt
Processed 10990000 lines from pt_en/unfiltered_phrasetable.txt
Processed 11000000 lines from pt_en/unfiltered_phrasetable.txt
Processed 11010000 lines from pt_en/unfiltered_phrasetable.txt
Processed 11020000 lines from pt_en/unfiltered_phrasetable.txt
Processed 11030000 lines from pt_en/unfiltered_phrasetable.txt
Processed 11040000 lines from pt_en/unfiltered_phrasetable.txt
Processed 11050000 lines from pt_en/unfiltered_phrasetable.txt
Processed 11060000 lines from pt_en/unfiltered_phrasetable.txt
Processed 11070000 lines from pt_en/unfiltered_phrasetable.txt
Processed 11080000 lines from pt_en/unfiltered_phrasetable.txt
Processed 11090000 lines from pt_en/unfiltered_phrasetable.txt
Processed 11100000 lines from pt_en/unfiltered_phrasetable.txt
Processed 11110000 lines from pt_en/unfiltered_phrasetable.txt
Processed 11120000 lines from pt_en/unfiltered_phrasetable.txt
Processed 11130000 lines from pt_en/unfiltered_phrasetable.txt
Processed 11140000 lines from pt_en/unfiltered_phrasetable.txt
Processed 11150000 lines from pt_en/unfiltered_phrasetable.txt
Processed 11160000 lines from pt_en/unfiltered_phrasetable.txt
Processed 11170000 lines from pt_en/unfiltered_phrasetable.txt
Processed 11180000 lines from pt_en/unfiltered_phrasetable.txt
Processed 11190000 lines from pt_en/unfiltered_phrasetable.txt
Processed 11200000 lines from pt_en/unfiltered_phrasetable.txt
Processed 11210000 lines from pt_en/unfiltered_phrasetable.txt
Processed 11220000 lines from pt_en/unfiltered_phrasetable.txt
Processed 11230000 lines from pt_en/unfiltered_phrasetable.txt
Processed 11240000 lines from pt_en/unfiltered_phrasetable.txt
Processed 11250000 lines from pt_en/unfiltered_phrasetable.txt
Processed 11260000 lines from pt_en/unfiltered_phrasetable.txt
Processed 11270000 lines from pt_en/unfiltered_phrasetable.txt
Processed 11280000 lines from pt_en/unfiltered_phrasetable.txt
Processed 11290000 lines from pt_en/unfiltered_phrasetable.txt
Processed 11300000 lines from pt_en/unfiltered_phrasetable.txt
Processed 11310000 lines from pt_en/unfiltered_phrasetable.txt
Processed 11320000 lines from pt_en/unfiltered_phrasetable.txt
Processed 11330000 lines from pt_en/unfiltered_phrasetable.txt
Processed 11340000 lines from pt_en/unfiltered_phrasetable.txt
Processed 11350000 lines from pt_en/unfiltered_phrasetable.txt
Processed 11360000 lines from pt_en/unfiltered_phrasetable.txt
Processed 11370000 lines from pt_en/unfiltered_phrasetable.txt
Processed 11380000 lines from pt_en/unfiltered_phrasetable.txt
Processed 11390000 lines from pt_en/unfiltered_phrasetable.txt
Processed 11400000 lines from pt_en/unfiltered_phrasetable.txt
Processed 11410000 lines from pt_en/unfiltered_phrasetable.txt
Processed 11420000 lines from pt_en/unfiltered_phrasetable.txt
Processed 11430000 lines from pt_en/unfiltered_phrasetable.txt
Processed 11440000 lines from pt_en/unfiltered_phrasetable.txt
Processed 11450000 lines from pt_en/unfiltered_phrasetable.txt
Processed 11460000 lines from pt_en/unfiltered_phrasetable.txt
Processed 11470000 lines from pt_en/unfiltered_phrasetable.txt
Processed 11480000 lines from pt_en/unfiltered_phrasetable.txt
Processed 11490000 lines from pt_en/unfiltered_phrasetable.txt
Processed 11500000 lines from pt_en/unfiltered_phrasetable.txt
Processed 11510000 lines from pt_en/unfiltered_phrasetable.txt
Processed 11520000 lines from pt_en/unfiltered_phrasetable.txt
Processed 11530000 lines from pt_en/unfiltered_phrasetable.txt
Processed 11540000 lines from pt_en/unfiltered_phrasetable.txt
Processed 11550000 lines from pt_en/unfiltered_phrasetable.txt
Processed 11560000 lines from pt_en/unfiltered_phrasetable.txt
Processed 11570000 lines from pt_en/unfiltered_phrasetable.txt
Processed 11580000 lines from pt_en/unfiltered_phrasetable.txt
Processed 11590000 lines from pt_en/unfiltered_phrasetable.txt
Processed 11600000 lines from pt_en/unfiltered_phrasetable.txt
Processed 11610000 lines from pt_en/unfiltered_phrasetable.txt
Processed 11620000 lines from pt_en/unfiltered_phrasetable.txt
Processed 11630000 lines from pt_en/unfiltered_phrasetable.txt
Processed 11640000 lines from pt_en/unfiltered_phrasetable.txt
Processed 11650000 lines from pt_en/unfiltered_phrasetable.txt
Processed 11660000 lines from pt_en/unfiltered_phrasetable.txt
Processed 11670000 lines from pt_en/unfiltered_phrasetable.txt
Processed 11680000 lines from pt_en/unfiltered_phrasetable.txt
Processed 11690000 lines from pt_en/unfiltered_phrasetable.txt
Processed 11700000 lines from pt_en/unfiltered_phrasetable.txt
Processed 11710000 lines from pt_en/unfiltered_phrasetable.txt
Processed 11720000 lines from pt_en/unfiltered_phrasetable.txt
Processed 11730000 lines from pt_en/unfiltered_phrasetable.txt
Processed 11740000 lines from pt_en/unfiltered_phrasetable.txt
Processed 11750000 lines from pt_en/unfiltered_phrasetable.txt
Processed 11760000 lines from pt_en/unfiltered_phrasetable.txt
Processed 11770000 lines from pt_en/unfiltered_phrasetable.txt
Processed 11780000 lines from pt_en/unfiltered_phrasetable.txt
Processed 11790000 lines from pt_en/unfiltered_phrasetable.txt
Processed 11800000 lines from pt_en/unfiltered_phrasetable.txt
Processed 11810000 lines from pt_en/unfiltered_phrasetable.txt
Processed 11820000 lines from pt_en/unfiltered_phrasetable.txt
Processed 11830000 lines from pt_en/unfiltered_phrasetable.txt
Processed 11840000 lines from pt_en/unfiltered_phrasetable.txt
Processed 11850000 lines from pt_en/unfiltered_phrasetable.txt
Processed 11860000 lines from pt_en/unfiltered_phrasetable.txt
Processed 11870000 lines from pt_en/unfiltered_phrasetable.txt
Processed 11880000 lines from pt_en/unfiltered_phrasetable.txt
Processed 11890000 lines from pt_en/unfiltered_phrasetable.txt
Processed 11900000 lines from pt_en/unfiltered_phrasetable.txt
Processed 11910000 lines from pt_en/unfiltered_phrasetable.txt
Processed 11920000 lines from pt_en/unfiltered_phrasetable.txt
Processed 11930000 lines from pt_en/unfiltered_phrasetable.txt
Processed 11940000 lines from pt_en/unfiltered_phrasetable.txt
Processed 11950000 lines from pt_en/unfiltered_phrasetable.txt
Processed 11960000 lines from pt_en/unfiltered_phrasetable.txt
Processed 11970000 lines from pt_en/unfiltered_phrasetable.txt
Processed 11980000 lines from pt_en/unfiltered_phrasetable.txt
Processed 11990000 lines from pt_en/unfiltered_phrasetable.txt
Processed 12000000 lines from pt_en/unfiltered_phrasetable.txt
Processed 12010000 lines from pt_en/unfiltered_phrasetable.txt
Processed 12020000 lines from pt_en/unfiltered_phrasetable.txt
Processed 12030000 lines from pt_en/unfiltered_phrasetable.txt
Processed 12040000 lines from pt_en/unfiltered_phrasetable.txt
Processed 12050000 lines from pt_en/unfiltered_phrasetable.txt
Processed 12060000 lines from pt_en/unfiltered_phrasetable.txt
Processed 12070000 lines from pt_en/unfiltered_phrasetable.txt
Processed 12080000 lines from pt_en/unfiltered_phrasetable.txt
Processed 12090000 lines from pt_en/unfiltered_phrasetable.txt
Processed 12100000 lines from pt_en/unfiltered_phrasetable.txt
Processed 12110000 lines from pt_en/unfiltered_phrasetable.txt
Processed 12120000 lines from pt_en/unfiltered_phrasetable.txt
Processed 12130000 lines from pt_en/unfiltered_phrasetable.txt
Processed 12140000 lines from pt_en/unfiltered_phrasetable.txt
Processed 12150000 lines from pt_en/unfiltered_phrasetable.txt
Processed 12160000 lines from pt_en/unfiltered_phrasetable.txt
Processed 12170000 lines from pt_en/unfiltered_phrasetable.txt
Processed 12180000 lines from pt_en/unfiltered_phrasetable.txt
Processed 12190000 lines from pt_en/unfiltered_phrasetable.txt
Processed 12200000 lines from pt_en/unfiltered_phrasetable.txt
Processed 12210000 lines from pt_en/unfiltered_phrasetable.txt
Processed 12220000 lines from pt_en/unfiltered_phrasetable.txt
Processed 12230000 lines from pt_en/unfiltered_phrasetable.txt
Processed 12240000 lines from pt_en/unfiltered_phrasetable.txt
Processed 12250000 lines from pt_en/unfiltered_phrasetable.txt
Processed 12260000 lines from pt_en/unfiltered_phrasetable.txt
Processed 12270000 lines from pt_en/unfiltered_phrasetable.txt
Processed 12280000 lines from pt_en/unfiltered_phrasetable.txt
Processed 12290000 lines from pt_en/unfiltered_phrasetable.txt
Processed 12300000 lines from pt_en/unfiltered_phrasetable.txt
Processed 12310000 lines from pt_en/unfiltered_phrasetable.txt
Processed 12320000 lines from pt_en/unfiltered_phrasetable.txt
Processed 12330000 lines from pt_en/unfiltered_phrasetable.txt
Processed 12340000 lines from pt_en/unfiltered_phrasetable.txt
Processed 12350000 lines from pt_en/unfiltered_phrasetable.txt
Processed 12360000 lines from pt_en/unfiltered_phrasetable.txt
Processed 12370000 lines from pt_en/unfiltered_phrasetable.txt
Processed 12380000 lines from pt_en/unfiltered_phrasetable.txt
Processed 12390000 lines from pt_en/unfiltered_phrasetable.txt
Processed 12400000 lines from pt_en/unfiltered_phrasetable.txt
Processed 12410000 lines from pt_en/unfiltered_phrasetable.txt
Processed 12420000 lines from pt_en/unfiltered_phrasetable.txt
Processed 12430000 lines from pt_en/unfiltered_phrasetable.txt
Processed 12440000 lines from pt_en/unfiltered_phrasetable.txt
Processed 12450000 lines from pt_en/unfiltered_phrasetable.txt
Processed 12460000 lines from pt_en/unfiltered_phrasetable.txt
Processed 12470000 lines from pt_en/unfiltered_phrasetable.txt
Processed 12480000 lines from pt_en/unfiltered_phrasetable.txt
Processed 12490000 lines from pt_en/unfiltered_phrasetable.txt
Processed 12500000 lines from pt_en/unfiltered_phrasetable.txt
Processed 12510000 lines from pt_en/unfiltered_phrasetable.txt
Processed 12520000 lines from pt_en/unfiltered_phrasetable.txt
Processed 12530000 lines from pt_en/unfiltered_phrasetable.txt
Processed 12540000 lines from pt_en/unfiltered_phrasetable.txt
Processed 12550000 lines from pt_en/unfiltered_phrasetable.txt
Processed 12560000 lines from pt_en/unfiltered_phrasetable.txt
Processed 12570000 lines from pt_en/unfiltered_phrasetable.txt
Processed 12580000 lines from pt_en/unfiltered_phrasetable.txt
Processed 12590000 lines from pt_en/unfiltered_phrasetable.txt
Processed 12600000 lines from pt_en/unfiltered_phrasetable.txt
Processed 12610000 lines from pt_en/unfiltered_phrasetable.txt
Processed 12620000 lines from pt_en/unfiltered_phrasetable.txt
Processed 12630000 lines from pt_en/unfiltered_phrasetable.txt
Processed 12640000 lines from pt_en/unfiltered_phrasetable.txt
Processed 12650000 lines from pt_en/unfiltered_phrasetable.txt
Processed 12660000 lines from pt_en/unfiltered_phrasetable.txt
Processed 12670000 lines from pt_en/unfiltered_phrasetable.txt
Processed 12680000 lines from pt_en/unfiltered_phrasetable.txt
Processed 12690000 lines from pt_en/unfiltered_phrasetable.txt
Processed 12700000 lines from pt_en/unfiltered_phrasetable.txt
Processed 12710000 lines from pt_en/unfiltered_phrasetable.txt
Processed 12720000 lines from pt_en/unfiltered_phrasetable.txt
Processed 12730000 lines from pt_en/unfiltered_phrasetable.txt
Processed 12740000 lines from pt_en/unfiltered_phrasetable.txt
Processed 12750000 lines from pt_en/unfiltered_phrasetable.txt
Processed 12760000 lines from pt_en/unfiltered_phrasetable.txt
Processed 12770000 lines from pt_en/unfiltered_phrasetable.txt
Processed 12780000 lines from pt_en/unfiltered_phrasetable.txt
Processed 12790000 lines from pt_en/unfiltered_phrasetable.txt
Processed 12800000 lines from pt_en/unfiltered_phrasetable.txt
Processed 12810000 lines from pt_en/unfiltered_phrasetable.txt
Processed 12820000 lines from pt_en/unfiltered_phrasetable.txt
Processed 12830000 lines from pt_en/unfiltered_phrasetable.txt
Processed 12840000 lines from pt_en/unfiltered_phrasetable.txt
Processed 12850000 lines from pt_en/unfiltered_phrasetable.txt
Processed 12860000 lines from pt_en/unfiltered_phrasetable.txt
Processed 12870000 lines from pt_en/unfiltered_phrasetable.txt
Processed 12880000 lines from pt_en/unfiltered_phrasetable.txt
Processed 12890000 lines from pt_en/unfiltered_phrasetable.txt
Processed 12900000 lines from pt_en/unfiltered_phrasetable.txt
Processed 12910000 lines from pt_en/unfiltered_phrasetable.txt
Processed 12920000 lines from pt_en/unfiltered_phrasetable.txt
Processed 12930000 lines from pt_en/unfiltered_phrasetable.txt
Processed 12940000 lines from pt_en/unfiltered_phrasetable.txt
Processed 12950000 lines from pt_en/unfiltered_phrasetable.txt
Processed 12960000 lines from pt_en/unfiltered_phrasetable.txt
Processed 12970000 lines from pt_en/unfiltered_phrasetable.txt
Processed 12980000 lines from pt_en/unfiltered_phrasetable.txt
Processed 12990000 lines from pt_en/unfiltered_phrasetable.txt
Processed 13000000 lines from pt_en/unfiltered_phrasetable.txt
Processed 13010000 lines from pt_en/unfiltered_phrasetable.txt
Processed 13020000 lines from pt_en/unfiltered_phrasetable.txt
Processed 13030000 lines from pt_en/unfiltered_phrasetable.txt
Processed 13040000 lines from pt_en/unfiltered_phrasetable.txt
Processed 13050000 lines from pt_en/unfiltered_phrasetable.txt
Processed 13060000 lines from pt_en/unfiltered_phrasetable.txt
Processed 13070000 lines from pt_en/unfiltered_phrasetable.txt
Processed 13080000 lines from pt_en/unfiltered_phrasetable.txt
Processed 13090000 lines from pt_en/unfiltered_phrasetable.txt
Processed 13100000 lines from pt_en/unfiltered_phrasetable.txt
Processed 13110000 lines from pt_en/unfiltered_phrasetable.txt
Processed 13120000 lines from pt_en/unfiltered_phrasetable.txt
Processed 13130000 lines from pt_en/unfiltered_phrasetable.txt
Processed 13140000 lines from pt_en/unfiltered_phrasetable.txt
Processed 13150000 lines from pt_en/unfiltered_phrasetable.txt
Processed 13160000 lines from pt_en/unfiltered_phrasetable.txt
Processed 13170000 lines from pt_en/unfiltered_phrasetable.txt
Processed 13180000 lines from pt_en/unfiltered_phrasetable.txt
Processed 13190000 lines from pt_en/unfiltered_phrasetable.txt
Processed 13200000 lines from pt_en/unfiltered_phrasetable.txt
Processed 13210000 lines from pt_en/unfiltered_phrasetable.txt
Processed 13220000 lines from pt_en/unfiltered_phrasetable.txt
Processed 13230000 lines from pt_en/unfiltered_phrasetable.txt
Processed 13240000 lines from pt_en/unfiltered_phrasetable.txt
Processed 13250000 lines from pt_en/unfiltered_phrasetable.txt
Processed 13260000 lines from pt_en/unfiltered_phrasetable.txt
Processed 13270000 lines from pt_en/unfiltered_phrasetable.txt
Processed 13280000 lines from pt_en/unfiltered_phrasetable.txt
Processed 13290000 lines from pt_en/unfiltered_phrasetable.txt
Processed 13300000 lines from pt_en/unfiltered_phrasetable.txt
Processed 13310000 lines from pt_en/unfiltered_phrasetable.txt
Processed 13320000 lines from pt_en/unfiltered_phrasetable.txt
Processed 13330000 lines from pt_en/unfiltered_phrasetable.txt
Processed 13340000 lines from pt_en/unfiltered_phrasetable.txt
Processed 13350000 lines from pt_en/unfiltered_phrasetable.txt
Processed 13360000 lines from pt_en/unfiltered_phrasetable.txt
Processed 13370000 lines from pt_en/unfiltered_phrasetable.txt
Processed 13380000 lines from pt_en/unfiltered_phrasetable.txt
Processed 13390000 lines from pt_en/unfiltered_phrasetable.txt
Processed 13400000 lines from pt_en/unfiltered_phrasetable.txt
Processed 13410000 lines from pt_en/unfiltered_phrasetable.txt
Processed 13420000 lines from pt_en/unfiltered_phrasetable.txt
Processed 13430000 lines from pt_en/unfiltered_phrasetable.txt
Processed 13440000 lines from pt_en/unfiltered_phrasetable.txt
Processed 13450000 lines from pt_en/unfiltered_phrasetable.txt
Processed 13460000 lines from pt_en/unfiltered_phrasetable.txt
Processed 13470000 lines from pt_en/unfiltered_phrasetable.txt
Processed 13480000 lines from pt_en/unfiltered_phrasetable.txt
Processed 13490000 lines from pt_en/unfiltered_phrasetable.txt
Processed 13500000 lines from pt_en/unfiltered_phrasetable.txt
Processed 13510000 lines from pt_en/unfiltered_phrasetable.txt
Processed 13520000 lines from pt_en/unfiltered_phrasetable.txt
Processed 13530000 lines from pt_en/unfiltered_phrasetable.txt
Processed 13540000 lines from pt_en/unfiltered_phrasetable.txt
Processed 13550000 lines from pt_en/unfiltered_phrasetable.txt
Processed 13560000 lines from pt_en/unfiltered_phrasetable.txt
Processed 13570000 lines from pt_en/unfiltered_phrasetable.txt
Processed 13580000 lines from pt_en/unfiltered_phrasetable.txt
Processed 13590000 lines from pt_en/unfiltered_phrasetable.txt
Processed 13600000 lines from pt_en/unfiltered_phrasetable.txt
Processed 13610000 lines from pt_en/unfiltered_phrasetable.txt
Processed 13620000 lines from pt_en/unfiltered_phrasetable.txt
Processed 13630000 lines from pt_en/unfiltered_phrasetable.txt
Processed 13640000 lines from pt_en/unfiltered_phrasetable.txt
Processed 13650000 lines from pt_en/unfiltered_phrasetable.txt
Processed 13660000 lines from pt_en/unfiltered_phrasetable.txt
Processed 13670000 lines from pt_en/unfiltered_phrasetable.txt
Processed 13680000 lines from pt_en/unfiltered_phrasetable.txt
Processed 13690000 lines from pt_en/unfiltered_phrasetable.txt
Processed 13700000 lines from pt_en/unfiltered_phrasetable.txt
Processed 13710000 lines from pt_en/unfiltered_phrasetable.txt
Processed 13720000 lines from pt_en/unfiltered_phrasetable.txt
Processed 13730000 lines from pt_en/unfiltered_phrasetable.txt
Processed 13740000 lines from pt_en/unfiltered_phrasetable.txt
Processed 13750000 lines from pt_en/unfiltered_phrasetable.txt
Processed 13760000 lines from pt_en/unfiltered_phrasetable.txt
Processed 13770000 lines from pt_en/unfiltered_phrasetable.txt
Processed 13780000 lines from pt_en/unfiltered_phrasetable.txt
Processed 13790000 lines from pt_en/unfiltered_phrasetable.txt
Processed 13800000 lines from pt_en/unfiltered_phrasetable.txt
Processed 13810000 lines from pt_en/unfiltered_phrasetable.txt
Processed 13820000 lines from pt_en/unfiltered_phrasetable.txt
Processed 13830000 lines from pt_en/unfiltered_phrasetable.txt
Processed 13840000 lines from pt_en/unfiltered_phrasetable.txt
Processed 13850000 lines from pt_en/unfiltered_phrasetable.txt
Processed 13860000 lines from pt_en/unfiltered_phrasetable.txt
Processed 13870000 lines from pt_en/unfiltered_phrasetable.txt
Processed 13880000 lines from pt_en/unfiltered_phrasetable.txt
Processed 13890000 lines from pt_en/unfiltered_phrasetable.txt
Processed 13900000 lines from pt_en/unfiltered_phrasetable.txt
Processed 13910000 lines from pt_en/unfiltered_phrasetable.txt
Processed 13920000 lines from pt_en/unfiltered_phrasetable.txt
Processed 13930000 lines from pt_en/unfiltered_phrasetable.txt
Processed 13940000 lines from pt_en/unfiltered_phrasetable.txt
Processed 13950000 lines from pt_en/unfiltered_phrasetable.txt
Processed 13960000 lines from pt_en/unfiltered_phrasetable.txt
Processed 13970000 lines from pt_en/unfiltered_phrasetable.txt
Processed 13980000 lines from pt_en/unfiltered_phrasetable.txt
Processed 13990000 lines from pt_en/unfiltered_phrasetable.txt
Processed 14000000 lines from pt_en/unfiltered_phrasetable.txt
Processed 14010000 lines from pt_en/unfiltered_phrasetable.txt
Processed 14020000 lines from pt_en/unfiltered_phrasetable.txt
Processed 14030000 lines from pt_en/unfiltered_phrasetable.txt
Processed 14040000 lines from pt_en/unfiltered_phrasetable.txt
Processed 14050000 lines from pt_en/unfiltered_phrasetable.txt
Processed 14060000 lines from pt_en/unfiltered_phrasetable.txt
Processed 14070000 lines from pt_en/unfiltered_phrasetable.txt
Processed 14080000 lines from pt_en/unfiltered_phrasetable.txt
Processed 14090000 lines from pt_en/unfiltered_phrasetable.txt
Processed 14100000 lines from pt_en/unfiltered_phrasetable.txt
Processed 14110000 lines from pt_en/unfiltered_phrasetable.txt
Processed 14120000 lines from pt_en/unfiltered_phrasetable.txt
Processed 14130000 lines from pt_en/unfiltered_phrasetable.txt
Processed 14140000 lines from pt_en/unfiltered_phrasetable.txt
Processed 14150000 lines from pt_en/unfiltered_phrasetable.txt
Processed 14160000 lines from pt_en/unfiltered_phrasetable.txt
Processed 14170000 lines from pt_en/unfiltered_phrasetable.txt
Processed 14180000 lines from pt_en/unfiltered_phrasetable.txt
Done adding phrases to data/phrases.db
